[1.536s] Invoking command in '/home/daehwankim/Desktop/ug-pi/src/Mission_planner': PYTHONPATH=/home/daehwankim/Desktop/ug-pi/build/Mission_planner/prefix_override:/home/daehwankim/Desktop/ug-pi/install/Mission_planner/lib/python3.10/site-packages:${PYTHONPATH} /usr/bin/python3 setup.py egg_info --egg-base ../../build/Mission_planner build --build-base /home/daehwankim/Desktop/ug-pi/build/Mission_planner/build install --record /home/daehwankim/Desktop/ug-pi/build/Mission_planner/install.log --single-version-externally-managed
[1.895s] running egg_info
[1.896s] creating ../../build/Mission_planner/Mission_planner.egg-info
[1.896s] writing ../../build/Mission_planner/Mission_planner.egg-info/PKG-INFO
[1.896s] writing dependency_links to ../../build/Mission_planner/Mission_planner.egg-info/dependency_links.txt
[1.897s] writing entry points to ../../build/Mission_planner/Mission_planner.egg-info/entry_points.txt
[1.897s] writing requirements to ../../build/Mission_planner/Mission_planner.egg-info/requires.txt
[1.897s] writing top-level names to ../../build/Mission_planner/Mission_planner.egg-info/top_level.txt
[1.897s] writing manifest file '../../build/Mission_planner/Mission_planner.egg-info/SOURCES.txt'
[1.900s] reading manifest file '../../build/Mission_planner/Mission_planner.egg-info/SOURCES.txt'
[1.900s] adding license file 'LICENSE'
[1.900s] writing manifest file '../../build/Mission_planner/Mission_planner.egg-info/SOURCES.txt'
[1.901s] running build
[1.901s] running build_py
[1.901s] creating /home/daehwankim/Desktop/ug-pi/build/Mission_planner/build
[1.901s] creating /home/daehwankim/Desktop/ug-pi/build/Mission_planner/build/lib
[1.901s] creating /home/daehwankim/Desktop/ug-pi/build/Mission_planner/build/lib/Mission_planner
[1.902s] copying Mission_planner/fsm.py -> /home/daehwankim/Desktop/ug-pi/build/Mission_planner/build/lib/Mission_planner
[1.902s] copying Mission_planner/__init__.py -> /home/daehwankim/Desktop/ug-pi/build/Mission_planner/build/lib/Mission_planner
[1.902s] running install
[1.902s] running install_lib
[1.903s] creating /home/daehwankim/Desktop/ug-pi/install/Mission_planner/lib/python3.10/site-packages/Mission_planner
[1.903s] copying /home/daehwankim/Desktop/ug-pi/build/Mission_planner/build/lib/Mission_planner/fsm.py -> /home/daehwankim/Desktop/ug-pi/install/Mission_planner/lib/python3.10/site-packages/Mission_planner
[1.903s] copying /home/daehwankim/Desktop/ug-pi/build/Mission_planner/build/lib/Mission_planner/__init__.py -> /home/daehwankim/Desktop/ug-pi/install/Mission_planner/lib/python3.10/site-packages/Mission_planner
[1.903s] byte-compiling /home/daehwankim/Desktop/ug-pi/install/Mission_planner/lib/python3.10/site-packages/Mission_planner/fsm.py to fsm.cpython-310.pyc
[1.904s] byte-compiling /home/daehwankim/Desktop/ug-pi/install/Mission_planner/lib/python3.10/site-packages/Mission_planner/__init__.py to __init__.cpython-310.pyc
[1.904s] running install_data
[1.904s] creating /home/daehwankim/Desktop/ug-pi/install/Mission_planner/share/ament_index
[1.905s] creating /home/daehwankim/Desktop/ug-pi/install/Mission_planner/share/ament_index/resource_index
[1.905s] creating /home/daehwankim/Desktop/ug-pi/install/Mission_planner/share/ament_index/resource_index/packages
[1.905s] copying resource/Mission_planner -> /home/daehwankim/Desktop/ug-pi/install/Mission_planner/share/ament_index/resource_index/packages
[1.905s] copying package.xml -> /home/daehwankim/Desktop/ug-pi/install/Mission_planner/share/Mission_planner
[1.905s] running install_egg_info
[1.907s] Copying ../../build/Mission_planner/Mission_planner.egg-info to /home/daehwankim/Desktop/ug-pi/install/Mission_planner/lib/python3.10/site-packages/Mission_planner-0.0.0-py3.10.egg-info
[1.908s] running install_scripts
[1.929s] Installing fsm script to /home/daehwankim/Desktop/ug-pi/install/Mission_planner/lib/Mission_planner
[1.930s] writing list of installed files to '/home/daehwankim/Desktop/ug-pi/build/Mission_planner/install.log'
[1.963s] Invoked command in '/home/daehwankim/Desktop/ug-pi/src/Mission_planner' returned '0': PYTHONPATH=/home/daehwankim/Desktop/ug-pi/build/Mission_planner/prefix_override:/home/daehwankim/Desktop/ug-pi/install/Mission_planner/lib/python3.10/site-packages:${PYTHONPATH} /usr/bin/python3 setup.py egg_info --egg-base ../../build/Mission_planner build --build-base /home/daehwankim/Desktop/ug-pi/build/Mission_planner/build install --record /home/daehwankim/Desktop/ug-pi/build/Mission_planner/install.log --single-version-externally-managed
