[3.408s] DEBUG:colcon:Command line arguments: ['/usr/bin/colcon', 'build', '--packages-select', 'Mission_planner']
[3.408s] DEBUG:colcon:Parsed command line arguments: Namespace(log_base=None, log_level=None, verb_name='build', build_base='build', install_base='install', merge_install=False, symlink_install=False, test_result_base=None, continue_on_error=False, executor='parallel', parallel_workers=4, event_handlers=None, ignore_user_meta=False, metas=['./colcon.meta'], base_paths=['.'], packages_ignore=None, packages_ignore_regex=None, paths=None, packages_up_to=None, packages_up_to_regex=None, packages_above=None, packages_above_and_dependencies=None, packages_above_depth=None, packages_select_by_dep=None, packages_skip_by_dep=None, packages_skip_up_to=None, packages_select_build_failed=False, packages_skip_build_finished=False, packages_select_test_failures=False, packages_skip_test_passed=False, packages_select=['Mission_planner'], packages_skip=None, packages_select_regex=None, packages_skip_regex=None, packages_start=None, packages_end=None, allow_overriding=[], cmake_args=None, cmake_target=None, cmake_target_skip_unavailable=False, cmake_clean_cache=False, cmake_clean_first=False, cmake_force_configure=False, ament_cmake_args=None, catkin_cmake_args=None, catkin_skip_building_tests=False, verb_parser=<colcon_defaults.argument_parser.defaults.DefaultArgumentsDecorator object at 0x7f1ccaa55e70>, verb_extension=<colcon_core.verb.build.BuildVerb object at 0x7f1ccacf4af0>, main=<bound method BuildVerb.main of <colcon_core.verb.build.BuildVerb object at 0x7f1ccacf4af0>>)
[4.026s] Level 1:colcon.colcon_core.package_discovery:discover_packages(colcon_meta) check parameters
[4.026s] Level 1:colcon.colcon_core.package_discovery:discover_packages(recursive) check parameters
[4.026s] Level 1:colcon.colcon_core.package_discovery:discover_packages(ignore) check parameters
[4.026s] Level 1:colcon.colcon_core.package_discovery:discover_packages(path) check parameters
[4.026s] Level 1:colcon.colcon_core.package_discovery:discover_packages(colcon_meta) discover
[4.026s] Level 1:colcon.colcon_core.package_discovery:discover_packages(recursive) discover
[4.026s] INFO:colcon.colcon_core.package_discovery:Crawling recursively for packages in '/home/daehwankim/Desktop/ug-pi'
[4.027s] Level 1:colcon.colcon_core.package_identification:_identify(.) by extensions ['ignore', 'ignore_ament_install']
[4.027s] Level 1:colcon.colcon_core.package_identification:_identify(.) by extension 'ignore'
[4.027s] Level 1:colcon.colcon_core.package_identification:_identify(.) by extension 'ignore_ament_install'
[4.027s] Level 1:colcon.colcon_core.package_identification:_identify(.) by extensions ['colcon_pkg']
[4.027s] Level 1:colcon.colcon_core.package_identification:_identify(.) by extension 'colcon_pkg'
[4.027s] Level 1:colcon.colcon_core.package_identification:_identify(.) by extensions ['colcon_meta']
[4.027s] Level 1:colcon.colcon_core.package_identification:_identify(.) by extension 'colcon_meta'
[4.027s] Level 1:colcon.colcon_core.package_identification:_identify(.) by extensions ['ros']
[4.027s] Level 1:colcon.colcon_core.package_identification:_identify(.) by extension 'ros'
[4.041s] Level 1:colcon.colcon_core.package_identification:_identify(.) by extensions ['cmake', 'python']
[4.041s] Level 1:colcon.colcon_core.package_identification:_identify(.) by extension 'cmake'
[4.041s] Level 1:colcon.colcon_core.package_identification:_identify(.) by extension 'python'
[4.041s] Level 1:colcon.colcon_core.package_identification:_identify(.) by extensions ['python_setup_py']
[4.041s] Level 1:colcon.colcon_core.package_identification:_identify(.) by extension 'python_setup_py'
[4.041s] Level 1:colcon.colcon_core.package_identification:_identify(build) by extensions ['ignore', 'ignore_ament_install']
[4.041s] Level 1:colcon.colcon_core.package_identification:_identify(build) by extension 'ignore'
[4.041s] Level 1:colcon.colcon_core.package_identification:_identify(build) ignored
[4.041s] Level 1:colcon.colcon_core.package_identification:_identify(install) by extensions ['ignore', 'ignore_ament_install']
[4.042s] Level 1:colcon.colcon_core.package_identification:_identify(install) by extension 'ignore'
[4.042s] Level 1:colcon.colcon_core.package_identification:_identify(install) ignored
[4.042s] Level 1:colcon.colcon_core.package_identification:_identify(log) by extensions ['ignore', 'ignore_ament_install']
[4.042s] Level 1:colcon.colcon_core.package_identification:_identify(log) by extension 'ignore'
[4.042s] Level 1:colcon.colcon_core.package_identification:_identify(log) ignored
[4.042s] Level 1:colcon.colcon_core.package_identification:_identify(src) by extensions ['ignore', 'ignore_ament_install']
[4.042s] Level 1:colcon.colcon_core.package_identification:_identify(src) by extension 'ignore'
[4.042s] Level 1:colcon.colcon_core.package_identification:_identify(src) by extension 'ignore_ament_install'
[4.042s] Level 1:colcon.colcon_core.package_identification:_identify(src) by extensions ['colcon_pkg']
[4.042s] Level 1:colcon.colcon_core.package_identification:_identify(src) by extension 'colcon_pkg'
[4.042s] Level 1:colcon.colcon_core.package_identification:_identify(src) by extensions ['colcon_meta']
[4.042s] Level 1:colcon.colcon_core.package_identification:_identify(src) by extension 'colcon_meta'
[4.042s] Level 1:colcon.colcon_core.package_identification:_identify(src) by extensions ['ros']
[4.042s] Level 1:colcon.colcon_core.package_identification:_identify(src) by extension 'ros'
[4.043s] Level 1:colcon.colcon_core.package_identification:_identify(src) by extensions ['cmake', 'python']
[4.043s] Level 1:colcon.colcon_core.package_identification:_identify(src) by extension 'cmake'
[4.043s] Level 1:colcon.colcon_core.package_identification:_identify(src) by extension 'python'
[4.043s] Level 1:colcon.colcon_core.package_identification:_identify(src) by extensions ['python_setup_py']
[4.043s] Level 1:colcon.colcon_core.package_identification:_identify(src) by extension 'python_setup_py'
[4.043s] Level 1:colcon.colcon_core.package_identification:_identify(src/Mission_planner) by extensions ['ignore', 'ignore_ament_install']
[4.043s] Level 1:colcon.colcon_core.package_identification:_identify(src/Mission_planner) by extension 'ignore'
[4.043s] Level 1:colcon.colcon_core.package_identification:_identify(src/Mission_planner) by extension 'ignore_ament_install'
[4.043s] Level 1:colcon.colcon_core.package_identification:_identify(src/Mission_planner) by extensions ['colcon_pkg']
[4.043s] Level 1:colcon.colcon_core.package_identification:_identify(src/Mission_planner) by extension 'colcon_pkg'
[4.043s] Level 1:colcon.colcon_core.package_identification:_identify(src/Mission_planner) by extensions ['colcon_meta']
[4.043s] Level 1:colcon.colcon_core.package_identification:_identify(src/Mission_planner) by extension 'colcon_meta'
[4.043s] Level 1:colcon.colcon_core.package_identification:_identify(src/Mission_planner) by extensions ['ros']
[4.043s] Level 1:colcon.colcon_core.package_identification:_identify(src/Mission_planner) by extension 'ros'
[4.065s] DEBUG:colcon.colcon_core.package_identification:Package 'src/Mission_planner' with type 'ros.ament_python' and name 'Mission_planner'
[4.065s] Level 1:colcon.colcon_core.package_identification:_identify(src/ug_sensors) by extensions ['ignore', 'ignore_ament_install']
[4.065s] Level 1:colcon.colcon_core.package_identification:_identify(src/ug_sensors) by extension 'ignore'
[4.065s] Level 1:colcon.colcon_core.package_identification:_identify(src/ug_sensors) by extension 'ignore_ament_install'
[4.065s] Level 1:colcon.colcon_core.package_identification:_identify(src/ug_sensors) by extensions ['colcon_pkg']
[4.065s] Level 1:colcon.colcon_core.package_identification:_identify(src/ug_sensors) by extension 'colcon_pkg'
[4.065s] Level 1:colcon.colcon_core.package_identification:_identify(src/ug_sensors) by extensions ['colcon_meta']
[4.065s] Level 1:colcon.colcon_core.package_identification:_identify(src/ug_sensors) by extension 'colcon_meta'
[4.065s] Level 1:colcon.colcon_core.package_identification:_identify(src/ug_sensors) by extensions ['ros']
[4.065s] Level 1:colcon.colcon_core.package_identification:_identify(src/ug_sensors) by extension 'ros'
[4.066s] DEBUG:colcon.colcon_core.package_identification:Package 'src/ug_sensors' with type 'ros.ament_python' and name 'ug_sensors'
[4.066s] Level 1:colcon.colcon_core.package_discovery:discover_packages(recursive) using defaults
[4.066s] Level 1:colcon.colcon_core.package_discovery:discover_packages(ignore) discover
[4.066s] Level 1:colcon.colcon_core.package_discovery:discover_packages(ignore) using defaults
[4.066s] Level 1:colcon.colcon_core.package_discovery:discover_packages(path) discover
[4.066s] Level 1:colcon.colcon_core.package_discovery:discover_packages(path) using defaults
[4.529s] INFO:colcon.colcon_core.package_selection:Skipping not selected package 'ug_sensors' in 'src/ug_sensors'
[4.563s] Level 1:colcon.colcon_core.package_discovery:discover_packages(prefix_path) check parameters
[4.563s] Level 1:colcon.colcon_core.package_discovery:discover_packages(prefix_path) discover
[4.632s] DEBUG:colcon.colcon_installed_package_information.package_discovery:Found 270 installed packages in /opt/ros/humble
[4.633s] Level 1:colcon.colcon_core.package_discovery:discover_packages(prefix_path) using defaults
[4.765s] Level 5:colcon.colcon_core.verb:set package 'Mission_planner' build argument 'cmake_args' from command line to 'None'
[4.765s] Level 5:colcon.colcon_core.verb:set package 'Mission_planner' build argument 'cmake_target' from command line to 'None'
[4.765s] Level 5:colcon.colcon_core.verb:set package 'Mission_planner' build argument 'cmake_target_skip_unavailable' from command line to 'False'
[4.765s] Level 5:colcon.colcon_core.verb:set package 'Mission_planner' build argument 'cmake_clean_cache' from command line to 'False'
[4.765s] Level 5:colcon.colcon_core.verb:set package 'Mission_planner' build argument 'cmake_clean_first' from command line to 'False'
[4.765s] Level 5:colcon.colcon_core.verb:set package 'Mission_planner' build argument 'cmake_force_configure' from command line to 'False'
[4.765s] Level 5:colcon.colcon_core.verb:set package 'Mission_planner' build argument 'ament_cmake_args' from command line to 'None'
[4.765s] Level 5:colcon.colcon_core.verb:set package 'Mission_planner' build argument 'catkin_cmake_args' from command line to 'None'
[4.765s] Level 5:colcon.colcon_core.verb:set package 'Mission_planner' build argument 'catkin_skip_building_tests' from command line to 'False'
[4.765s] DEBUG:colcon.colcon_core.verb:Building package 'Mission_planner' with the following arguments: {'ament_cmake_args': None, 'build_base': '/home/daehwankim/Desktop/ug-pi/build/Mission_planner', 'catkin_cmake_args': None, 'catkin_skip_building_tests': False, 'cmake_args': None, 'cmake_clean_cache': False, 'cmake_clean_first': False, 'cmake_force_configure': False, 'cmake_target': None, 'cmake_target_skip_unavailable': False, 'install_base': '/home/daehwankim/Desktop/ug-pi/install/Mission_planner', 'merge_install': False, 'path': '/home/daehwankim/Desktop/ug-pi/src/Mission_planner', 'symlink_install': False, 'test_result_base': None}
[4.781s] INFO:colcon.colcon_core.executor:Executing jobs using 'parallel' executor
[4.798s] DEBUG:colcon.colcon_parallel_executor.executor.parallel:run_until_complete
[4.798s] INFO:colcon.colcon_ros.task.ament_python.build:Building ROS package in '/home/daehwankim/Desktop/ug-pi/src/Mission_planner' with build type 'ament_python'
[4.798s] Level 1:colcon.colcon_core.shell:create_environment_hook('Mission_planner', 'ament_prefix_path')
[4.898s] INFO:colcon.colcon_core.plugin_system:Skipping extension 'colcon_core.shell.bat': Not used on non-Windows systems
[4.899s] INFO:colcon.colcon_core.shell:Creating environment hook '/home/daehwankim/Desktop/ug-pi/install/Mission_planner/share/Mission_planner/hook/ament_prefix_path.ps1'
[4.917s] INFO:colcon.colcon_core.shell:Creating environment descriptor '/home/daehwankim/Desktop/ug-pi/install/Mission_planner/share/Mission_planner/hook/ament_prefix_path.dsv'
[4.952s] INFO:colcon.colcon_core.shell:Creating environment hook '/home/daehwankim/Desktop/ug-pi/install/Mission_planner/share/Mission_planner/hook/ament_prefix_path.sh'
[4.992s] INFO:colcon.colcon_core.shell:Skip shell extension 'powershell' for command environment: Not usable outside of PowerShell
[4.992s] DEBUG:colcon.colcon_core.shell:Skip shell extension 'dsv' for command environment
[5.374s] INFO:colcon.colcon_core.task.python.build:Building Python package in '/home/daehwankim/Desktop/ug-pi/src/Mission_planner'
[5.390s] INFO:colcon.colcon_core.shell:Skip shell extension 'powershell' for command environment: Not usable outside of PowerShell
[5.390s] DEBUG:colcon.colcon_core.shell:Skip shell extension 'dsv' for command environment
[6.335s] DEBUG:colcon.colcon_core.event_handler.log_command:Invoking command in '/home/daehwankim/Desktop/ug-pi/src/Mission_planner': PYTHONPATH=/home/daehwankim/Desktop/ug-pi/build/Mission_planner/prefix_override:/home/daehwankim/Desktop/ug-pi/install/Mission_planner/lib/python3.10/site-packages:${PYTHONPATH} /usr/bin/python3 setup.py egg_info --egg-base ../../build/Mission_planner build --build-base /home/daehwankim/Desktop/ug-pi/build/Mission_planner/build install --record /home/daehwankim/Desktop/ug-pi/build/Mission_planner/install.log --single-version-externally-managed
[6.762s] DEBUG:colcon.colcon_core.event_handler.log_command:Invoked command in '/home/daehwankim/Desktop/ug-pi/src/Mission_planner' returned '0': PYTHONPATH=/home/daehwankim/Desktop/ug-pi/build/Mission_planner/prefix_override:/home/daehwankim/Desktop/ug-pi/install/Mission_planner/lib/python3.10/site-packages:${PYTHONPATH} /usr/bin/python3 setup.py egg_info --egg-base ../../build/Mission_planner build --build-base /home/daehwankim/Desktop/ug-pi/build/Mission_planner/build install --record /home/daehwankim/Desktop/ug-pi/build/Mission_planner/install.log --single-version-externally-managed
[6.890s] Level 1:colcon.colcon_core.environment:checking '/home/daehwankim/Desktop/ug-pi/install/Mission_planner' for CMake module files
[6.891s] Level 1:colcon.colcon_core.environment:checking '/home/daehwankim/Desktop/ug-pi/install/Mission_planner' for CMake config files
[6.893s] Level 1:colcon.colcon_core.environment:checking '/home/daehwankim/Desktop/ug-pi/install/Mission_planner/lib'
[6.894s] Level 1:colcon.colcon_core.environment:checking '/home/daehwankim/Desktop/ug-pi/install/Mission_planner/bin'
[6.894s] Level 1:colcon.colcon_core.environment:checking '/home/daehwankim/Desktop/ug-pi/install/Mission_planner/lib/pkgconfig/Mission_planner.pc'
[6.895s] Level 1:colcon.colcon_core.environment:checking '/home/daehwankim/Desktop/ug-pi/install/Mission_planner/lib/python3.10/site-packages'
[6.895s] Level 1:colcon.colcon_core.shell:create_environment_hook('Mission_planner', 'pythonpath')
[6.917s] INFO:colcon.colcon_core.shell:Creating environment hook '/home/daehwankim/Desktop/ug-pi/install/Mission_planner/share/Mission_planner/hook/pythonpath.ps1'
[6.917s] INFO:colcon.colcon_core.shell:Creating environment descriptor '/home/daehwankim/Desktop/ug-pi/install/Mission_planner/share/Mission_planner/hook/pythonpath.dsv'
[6.918s] INFO:colcon.colcon_core.shell:Creating environment hook '/home/daehwankim/Desktop/ug-pi/install/Mission_planner/share/Mission_planner/hook/pythonpath.sh'
[6.918s] Level 1:colcon.colcon_core.environment:checking '/home/daehwankim/Desktop/ug-pi/install/Mission_planner/bin'
[6.918s] Level 1:colcon.colcon_core.environment:create_environment_scripts_only(Mission_planner)
[6.935s] INFO:colcon.colcon_core.shell:Creating package script '/home/daehwankim/Desktop/ug-pi/install/Mission_planner/share/Mission_planner/package.ps1'
[6.947s] INFO:colcon.colcon_core.shell:Creating package descriptor '/home/daehwankim/Desktop/ug-pi/install/Mission_planner/share/Mission_planner/package.dsv'
[6.965s] INFO:colcon.colcon_core.shell:Creating package script '/home/daehwankim/Desktop/ug-pi/install/Mission_planner/share/Mission_planner/package.sh'
[6.966s] INFO:colcon.colcon_core.shell:Creating package script '/home/daehwankim/Desktop/ug-pi/install/Mission_planner/share/Mission_planner/package.bash'
[6.980s] INFO:colcon.colcon_core.shell:Creating package script '/home/daehwankim/Desktop/ug-pi/install/Mission_planner/share/Mission_planner/package.zsh'
[6.981s] Level 1:colcon.colcon_core.environment:create_file_with_runtime_dependencies(/home/daehwankim/Desktop/ug-pi/install/Mission_planner/share/colcon-core/packages/Mission_planner)
[6.981s] DEBUG:colcon.colcon_parallel_executor.executor.parallel:closing loop
[6.981s] DEBUG:colcon.colcon_parallel_executor.executor.parallel:loop closed
[6.982s] DEBUG:colcon.colcon_parallel_executor.executor.parallel:run_until_complete finished with '0'
[6.982s] DEBUG:colcon.colcon_core.event_reactor:joining thread
[7.114s] INFO:colcon.colcon_core.plugin_system:Skipping extension 'colcon_notification.desktop_notification.terminal_notifier': Not used on non-Darwin systems
[7.115s] INFO:colcon.colcon_core.plugin_system:Skipping extension 'colcon_notification.desktop_notification.win32': Not used on non-Windows systems
[7.115s] INFO:colcon.colcon_notification.desktop_notification:Sending desktop notification using 'notify2'
[7.163s] DEBUG:colcon.colcon_core.event_reactor:joined thread
[7.187s] INFO:colcon.colcon_core.shell:Creating prefix script '/home/daehwankim/Desktop/ug-pi/install/local_setup.ps1'
[7.214s] INFO:colcon.colcon_core.shell:Creating prefix util module '/home/daehwankim/Desktop/ug-pi/install/_local_setup_util_ps1.py'
[7.233s] INFO:colcon.colcon_core.shell:Creating prefix chain script '/home/daehwankim/Desktop/ug-pi/install/setup.ps1'
[7.252s] INFO:colcon.colcon_core.shell:Creating prefix script '/home/daehwankim/Desktop/ug-pi/install/local_setup.sh'
[7.253s] INFO:colcon.colcon_core.shell:Creating prefix util module '/home/daehwankim/Desktop/ug-pi/install/_local_setup_util_sh.py'
[7.254s] INFO:colcon.colcon_core.shell:Creating prefix chain script '/home/daehwankim/Desktop/ug-pi/install/setup.sh'
[7.272s] INFO:colcon.colcon_core.shell:Creating prefix script '/home/daehwankim/Desktop/ug-pi/install/local_setup.bash'
[7.279s] INFO:colcon.colcon_core.shell:Creating prefix chain script '/home/daehwankim/Desktop/ug-pi/install/setup.bash'
[7.308s] INFO:colcon.colcon_core.shell:Creating prefix script '/home/daehwankim/Desktop/ug-pi/install/local_setup.zsh'
[7.309s] INFO:colcon.colcon_core.shell:Creating prefix chain script '/home/daehwankim/Desktop/ug-pi/install/setup.zsh'
