[1.026s] Invoking command in '/home/daehwankim/Desktop/ug-pi/src/Low_Level_Mission_Planner': PYTHONPATH=/home/daehwankim/Desktop/ug-pi/build/Low_Level_Mission_Planner/prefix_override:/home/daehwankim/Desktop/ug-pi/install/Low_Level_Mission_Planner/lib/python3.10/site-packages:${PYTHONPATH} /usr/bin/python3 setup.py egg_info --egg-base ../../build/Low_Level_Mission_Planner build --build-base /home/daehwankim/Desktop/ug-pi/build/Low_Level_Mission_Planner/build install --record /home/daehwankim/Desktop/ug-pi/build/Low_Level_Mission_Planner/install.log --single-version-externally-managed
[1.369s] running egg_info
[1.369s] writing ../../build/Low_Level_Mission_Planner/Low_Level_Mission_Planner.egg-info/PKG-INFO
[1.370s] writing dependency_links to ../../build/Low_Level_Mission_Planner/Low_Level_Mission_Planner.egg-info/dependency_links.txt
[1.370s] writing entry points to ../../build/Low_Level_Mission_Planner/Low_Level_Mission_Planner.egg-info/entry_points.txt
[1.370s] writing requirements to ../../build/Low_Level_Mission_Planner/Low_Level_Mission_Planner.egg-info/requires.txt
[1.370s] writing top-level names to ../../build/Low_Level_Mission_Planner/Low_Level_Mission_Planner.egg-info/top_level.txt
[1.372s] reading manifest file '../../build/Low_Level_Mission_Planner/Low_Level_Mission_Planner.egg-info/SOURCES.txt'
[1.374s] writing manifest file '../../build/Low_Level_Mission_Planner/Low_Level_Mission_Planner.egg-info/SOURCES.txt'
[1.374s] running build
[1.374s] running build_py
[1.374s] copying Low_Level_Mission_Planner/fsm.py -> /home/daehwankim/Desktop/ug-pi/build/Low_Level_Mission_Planner/build/lib/Low_Level_Mission_Planner
[1.375s] running install
[1.375s] running install_lib
[1.376s] copying /home/daehwankim/Desktop/ug-pi/build/Low_Level_Mission_Planner/build/lib/Low_Level_Mission_Planner/fsm.py -> /home/daehwankim/Desktop/ug-pi/install/Low_Level_Mission_Planner/lib/python3.10/site-packages/Low_Level_Mission_Planner
[1.377s] byte-compiling /home/daehwankim/Desktop/ug-pi/install/Low_Level_Mission_Planner/lib/python3.10/site-packages/Low_Level_Mission_Planner/fsm.py to fsm.cpython-310.pyc
[1.379s] running install_data
[1.380s] running install_egg_info
[1.382s] removing '/home/daehwankim/Desktop/ug-pi/install/Low_Level_Mission_Planner/lib/python3.10/site-packages/Low_Level_Mission_Planner-0.0.1-py3.10.egg-info' (and everything under it)
[1.382s] Copying ../../build/Low_Level_Mission_Planner/Low_Level_Mission_Planner.egg-info to /home/daehwankim/Desktop/ug-pi/install/Low_Level_Mission_Planner/lib/python3.10/site-packages/Low_Level_Mission_Planner-0.0.1-py3.10.egg-info
[1.383s] running install_scripts
[1.406s] Installing depth_sensor script to /home/daehwankim/Desktop/ug-pi/install/Low_Level_Mission_Planner/lib/Low_Level_Mission_Planner
[1.407s] Installing sensors script to /home/daehwankim/Desktop/ug-pi/install/Low_Level_Mission_Planner/lib/Low_Level_Mission_Planner
[1.407s] writing list of installed files to '/home/daehwankim/Desktop/ug-pi/build/Low_Level_Mission_Planner/install.log'
[1.442s] Invoked command in '/home/daehwankim/Desktop/ug-pi/src/Low_Level_Mission_Planner' returned '0': PYTHONPATH=/home/daehwankim/Desktop/ug-pi/build/Low_Level_Mission_Planner/prefix_override:/home/daehwankim/Desktop/ug-pi/install/Low_Level_Mission_Planner/lib/python3.10/site-packages:${PYTHONPATH} /usr/bin/python3 setup.py egg_info --egg-base ../../build/Low_Level_Mission_Planner build --build-base /home/daehwankim/Desktop/ug-pi/build/Low_Level_Mission_Planner/build install --record /home/daehwankim/Desktop/ug-pi/build/Low_Level_Mission_Planner/install.log --single-version-externally-managed
