[5.797s] DEBUG:colcon:Command line arguments: ['/usr/bin/colcon', 'build', '--packages-select', 'Low_Level_Mission_Planner']
[5.798s] DEBUG:colcon:Parsed command line arguments: Namespace(log_base=None, log_level=None, verb_name='build', build_base='build', install_base='install', merge_install=False, symlink_install=False, test_result_base=None, continue_on_error=False, executor='parallel', parallel_workers=4, event_handlers=None, ignore_user_meta=False, metas=['./colcon.meta'], base_paths=['.'], packages_ignore=None, packages_ignore_regex=None, paths=None, packages_up_to=None, packages_up_to_regex=None, packages_above=None, packages_above_and_dependencies=None, packages_above_depth=None, packages_select_by_dep=None, packages_skip_by_dep=None, packages_skip_up_to=None, packages_select_build_failed=False, packages_skip_build_finished=False, packages_select_test_failures=False, packages_skip_test_passed=False, packages_select=['Low_Level_Mission_Planner'], packages_skip=None, packages_select_regex=None, packages_skip_regex=None, packages_start=None, packages_end=None, allow_overriding=[], cmake_args=None, cmake_target=None, cmake_target_skip_unavailable=False, cmake_clean_cache=False, cmake_clean_first=False, cmake_force_configure=False, ament_cmake_args=None, catkin_cmake_args=None, catkin_skip_building_tests=False, verb_parser=<colcon_defaults.argument_parser.defaults.DefaultArgumentsDecorator object at 0x7ff2948b79d0>, verb_extension=<colcon_core.verb.build.BuildVerb object at 0x7ff294b0bfa0>, main=<bound method BuildVerb.main of <colcon_core.verb.build.BuildVerb object at 0x7ff294b0bfa0>>)
[6.174s] Level 1:colcon.colcon_core.package_discovery:discover_packages(colcon_meta) check parameters
[6.174s] Level 1:colcon.colcon_core.package_discovery:discover_packages(recursive) check parameters
[6.174s] Level 1:colcon.colcon_core.package_discovery:discover_packages(ignore) check parameters
[6.174s] Level 1:colcon.colcon_core.package_discovery:discover_packages(path) check parameters
[6.174s] Level 1:colcon.colcon_core.package_discovery:discover_packages(colcon_meta) discover
[6.174s] Level 1:colcon.colcon_core.package_discovery:discover_packages(recursive) discover
[6.174s] INFO:colcon.colcon_core.package_discovery:Crawling recursively for packages in '/home/daehwankim/Desktop/ug-pi'
[6.174s] Level 1:colcon.colcon_core.package_identification:_identify(.) by extensions ['ignore', 'ignore_ament_install']
[6.175s] Level 1:colcon.colcon_core.package_identification:_identify(.) by extension 'ignore'
[6.175s] Level 1:colcon.colcon_core.package_identification:_identify(.) by extension 'ignore_ament_install'
[6.175s] Level 1:colcon.colcon_core.package_identification:_identify(.) by extensions ['colcon_pkg']
[6.175s] Level 1:colcon.colcon_core.package_identification:_identify(.) by extension 'colcon_pkg'
[6.175s] Level 1:colcon.colcon_core.package_identification:_identify(.) by extensions ['colcon_meta']
[6.175s] Level 1:colcon.colcon_core.package_identification:_identify(.) by extension 'colcon_meta'
[6.175s] Level 1:colcon.colcon_core.package_identification:_identify(.) by extensions ['ros']
[6.175s] Level 1:colcon.colcon_core.package_identification:_identify(.) by extension 'ros'
[6.189s] Level 1:colcon.colcon_core.package_identification:_identify(.) by extensions ['cmake', 'python']
[6.189s] Level 1:colcon.colcon_core.package_identification:_identify(.) by extension 'cmake'
[6.190s] Level 1:colcon.colcon_core.package_identification:_identify(.) by extension 'python'
[6.190s] Level 1:colcon.colcon_core.package_identification:_identify(.) by extensions ['python_setup_py']
[6.190s] Level 1:colcon.colcon_core.package_identification:_identify(.) by extension 'python_setup_py'
[6.190s] Level 1:colcon.colcon_core.package_identification:_identify(build) by extensions ['ignore', 'ignore_ament_install']
[6.190s] Level 1:colcon.colcon_core.package_identification:_identify(build) by extension 'ignore'
[6.190s] Level 1:colcon.colcon_core.package_identification:_identify(build) ignored
[6.190s] Level 1:colcon.colcon_core.package_identification:_identify(install) by extensions ['ignore', 'ignore_ament_install']
[6.190s] Level 1:colcon.colcon_core.package_identification:_identify(install) by extension 'ignore'
[6.190s] Level 1:colcon.colcon_core.package_identification:_identify(install) ignored
[6.190s] Level 1:colcon.colcon_core.package_identification:_identify(log) by extensions ['ignore', 'ignore_ament_install']
[6.191s] Level 1:colcon.colcon_core.package_identification:_identify(log) by extension 'ignore'
[6.191s] Level 1:colcon.colcon_core.package_identification:_identify(log) ignored
[6.191s] Level 1:colcon.colcon_core.package_identification:_identify(src) by extensions ['ignore', 'ignore_ament_install']
[6.191s] Level 1:colcon.colcon_core.package_identification:_identify(src) by extension 'ignore'
[6.191s] Level 1:colcon.colcon_core.package_identification:_identify(src) by extension 'ignore_ament_install'
[6.191s] Level 1:colcon.colcon_core.package_identification:_identify(src) by extensions ['colcon_pkg']
[6.191s] Level 1:colcon.colcon_core.package_identification:_identify(src) by extension 'colcon_pkg'
[6.191s] Level 1:colcon.colcon_core.package_identification:_identify(src) by extensions ['colcon_meta']
[6.191s] Level 1:colcon.colcon_core.package_identification:_identify(src) by extension 'colcon_meta'
[6.191s] Level 1:colcon.colcon_core.package_identification:_identify(src) by extensions ['ros']
[6.191s] Level 1:colcon.colcon_core.package_identification:_identify(src) by extension 'ros'
[6.191s] Level 1:colcon.colcon_core.package_identification:_identify(src) by extensions ['cmake', 'python']
[6.191s] Level 1:colcon.colcon_core.package_identification:_identify(src) by extension 'cmake'
[6.191s] Level 1:colcon.colcon_core.package_identification:_identify(src) by extension 'python'
[6.191s] Level 1:colcon.colcon_core.package_identification:_identify(src) by extensions ['python_setup_py']
[6.192s] Level 1:colcon.colcon_core.package_identification:_identify(src) by extension 'python_setup_py'
[6.192s] Level 1:colcon.colcon_core.package_identification:_identify(src/Low_Level_Mission_Planner) by extensions ['ignore', 'ignore_ament_install']
[6.192s] Level 1:colcon.colcon_core.package_identification:_identify(src/Low_Level_Mission_Planner) by extension 'ignore'
[6.192s] Level 1:colcon.colcon_core.package_identification:_identify(src/Low_Level_Mission_Planner) by extension 'ignore_ament_install'
[6.192s] Level 1:colcon.colcon_core.package_identification:_identify(src/Low_Level_Mission_Planner) by extensions ['colcon_pkg']
[6.192s] Level 1:colcon.colcon_core.package_identification:_identify(src/Low_Level_Mission_Planner) by extension 'colcon_pkg'
[6.192s] Level 1:colcon.colcon_core.package_identification:_identify(src/Low_Level_Mission_Planner) by extensions ['colcon_meta']
[6.192s] Level 1:colcon.colcon_core.package_identification:_identify(src/Low_Level_Mission_Planner) by extension 'colcon_meta'
[6.192s] Level 1:colcon.colcon_core.package_identification:_identify(src/Low_Level_Mission_Planner) by extensions ['ros']
[6.192s] Level 1:colcon.colcon_core.package_identification:_identify(src/Low_Level_Mission_Planner) by extension 'ros'
[6.204s] DEBUG:colcon.colcon_core.package_identification:Package 'src/Low_Level_Mission_Planner' with type 'ros.ament_python' and name 'Low_Level_Mission_Planner'
[6.204s] Level 1:colcon.colcon_core.package_identification:_identify(src/Mission_planner) by extensions ['ignore', 'ignore_ament_install']
[6.204s] Level 1:colcon.colcon_core.package_identification:_identify(src/Mission_planner) by extension 'ignore'
[6.204s] Level 1:colcon.colcon_core.package_identification:_identify(src/Mission_planner) by extension 'ignore_ament_install'
[6.204s] Level 1:colcon.colcon_core.package_identification:_identify(src/Mission_planner) by extensions ['colcon_pkg']
[6.204s] Level 1:colcon.colcon_core.package_identification:_identify(src/Mission_planner) by extension 'colcon_pkg'
[6.204s] Level 1:colcon.colcon_core.package_identification:_identify(src/Mission_planner) by extensions ['colcon_meta']
[6.204s] Level 1:colcon.colcon_core.package_identification:_identify(src/Mission_planner) by extension 'colcon_meta'
[6.205s] Level 1:colcon.colcon_core.package_identification:_identify(src/Mission_planner) by extensions ['ros']
[6.205s] Level 1:colcon.colcon_core.package_identification:_identify(src/Mission_planner) by extension 'ros'
[6.221s] DEBUG:colcon.colcon_core.package_identification:Package 'src/Mission_planner' with type 'ros.ament_python' and name 'Mission_planner'
[6.222s] Level 1:colcon.colcon_core.package_discovery:discover_packages(recursive) using defaults
[6.222s] Level 1:colcon.colcon_core.package_discovery:discover_packages(ignore) discover
[6.222s] Level 1:colcon.colcon_core.package_discovery:discover_packages(ignore) using defaults
[6.222s] Level 1:colcon.colcon_core.package_discovery:discover_packages(path) discover
[6.222s] Level 1:colcon.colcon_core.package_discovery:discover_packages(path) using defaults
[6.577s] INFO:colcon.colcon_core.package_selection:Skipping not selected package 'Mission_planner' in 'src/Mission_planner'
[6.610s] Level 1:colcon.colcon_core.package_discovery:discover_packages(prefix_path) check parameters
[6.610s] Level 1:colcon.colcon_core.package_discovery:discover_packages(prefix_path) discover
[6.723s] DEBUG:colcon.colcon_installed_package_information.package_discovery:Found 3 installed packages in /home/daehwankim/Desktop/ug-pi/install
[6.743s] DEBUG:colcon.colcon_installed_package_information.package_discovery:Found 270 installed packages in /opt/ros/humble
[6.745s] Level 1:colcon.colcon_core.package_discovery:discover_packages(prefix_path) using defaults
[6.877s] Level 5:colcon.colcon_core.verb:set package 'Low_Level_Mission_Planner' build argument 'cmake_args' from command line to 'None'
[6.877s] Level 5:colcon.colcon_core.verb:set package 'Low_Level_Mission_Planner' build argument 'cmake_target' from command line to 'None'
[6.877s] Level 5:colcon.colcon_core.verb:set package 'Low_Level_Mission_Planner' build argument 'cmake_target_skip_unavailable' from command line to 'False'
[6.877s] Level 5:colcon.colcon_core.verb:set package 'Low_Level_Mission_Planner' build argument 'cmake_clean_cache' from command line to 'False'
[6.877s] Level 5:colcon.colcon_core.verb:set package 'Low_Level_Mission_Planner' build argument 'cmake_clean_first' from command line to 'False'
[6.877s] Level 5:colcon.colcon_core.verb:set package 'Low_Level_Mission_Planner' build argument 'cmake_force_configure' from command line to 'False'
[6.877s] Level 5:colcon.colcon_core.verb:set package 'Low_Level_Mission_Planner' build argument 'ament_cmake_args' from command line to 'None'
[6.877s] Level 5:colcon.colcon_core.verb:set package 'Low_Level_Mission_Planner' build argument 'catkin_cmake_args' from command line to 'None'
[6.877s] Level 5:colcon.colcon_core.verb:set package 'Low_Level_Mission_Planner' build argument 'catkin_skip_building_tests' from command line to 'False'
[6.877s] DEBUG:colcon.colcon_core.verb:Building package 'Low_Level_Mission_Planner' with the following arguments: {'ament_cmake_args': None, 'build_base': '/home/daehwankim/Desktop/ug-pi/build/Low_Level_Mission_Planner', 'catkin_cmake_args': None, 'catkin_skip_building_tests': False, 'cmake_args': None, 'cmake_clean_cache': False, 'cmake_clean_first': False, 'cmake_force_configure': False, 'cmake_target': None, 'cmake_target_skip_unavailable': False, 'install_base': '/home/daehwankim/Desktop/ug-pi/install/Low_Level_Mission_Planner', 'merge_install': False, 'path': '/home/daehwankim/Desktop/ug-pi/src/Low_Level_Mission_Planner', 'symlink_install': False, 'test_result_base': None}
[6.896s] INFO:colcon.colcon_core.executor:Executing jobs using 'parallel' executor
[6.914s] DEBUG:colcon.colcon_parallel_executor.executor.parallel:run_until_complete
[6.914s] INFO:colcon.colcon_ros.task.ament_python.build:Building ROS package in '/home/daehwankim/Desktop/ug-pi/src/Low_Level_Mission_Planner' with build type 'ament_python'
[6.914s] Level 1:colcon.colcon_core.shell:create_environment_hook('Low_Level_Mission_Planner', 'ament_prefix_path')
[6.944s] INFO:colcon.colcon_core.plugin_system:Skipping extension 'colcon_core.shell.bat': Not used on non-Windows systems
[6.944s] INFO:colcon.colcon_core.shell:Creating environment hook '/home/daehwankim/Desktop/ug-pi/install/Low_Level_Mission_Planner/share/Low_Level_Mission_Planner/hook/ament_prefix_path.ps1'
[6.952s] INFO:colcon.colcon_core.shell:Creating environment descriptor '/home/daehwankim/Desktop/ug-pi/install/Low_Level_Mission_Planner/share/Low_Level_Mission_Planner/hook/ament_prefix_path.dsv'
[6.969s] INFO:colcon.colcon_core.shell:Creating environment hook '/home/daehwankim/Desktop/ug-pi/install/Low_Level_Mission_Planner/share/Low_Level_Mission_Planner/hook/ament_prefix_path.sh'
[6.987s] INFO:colcon.colcon_core.shell:Skip shell extension 'powershell' for command environment: Not usable outside of PowerShell
[6.987s] DEBUG:colcon.colcon_core.shell:Skip shell extension 'dsv' for command environment
[7.488s] INFO:colcon.colcon_core.task.python.build:Building Python package in '/home/daehwankim/Desktop/ug-pi/src/Low_Level_Mission_Planner'
[7.505s] INFO:colcon.colcon_core.shell:Skip shell extension 'powershell' for command environment: Not usable outside of PowerShell
[7.505s] DEBUG:colcon.colcon_core.shell:Skip shell extension 'dsv' for command environment
[8.380s] DEBUG:colcon.colcon_core.event_handler.log_command:Invoking command in '/home/daehwankim/Desktop/ug-pi/src/Low_Level_Mission_Planner': PYTHONPATH=/home/daehwankim/Desktop/ug-pi/build/Low_Level_Mission_Planner/prefix_override:/home/daehwankim/Desktop/ug-pi/install/Low_Level_Mission_Planner/lib/python3.10/site-packages:${PYTHONPATH} /usr/bin/python3 setup.py egg_info --egg-base ../../build/Low_Level_Mission_Planner build --build-base /home/daehwankim/Desktop/ug-pi/build/Low_Level_Mission_Planner/build install --record /home/daehwankim/Desktop/ug-pi/build/Low_Level_Mission_Planner/install.log --single-version-externally-managed
[8.923s] DEBUG:colcon.colcon_core.event_handler.log_command:Invoked command in '/home/daehwankim/Desktop/ug-pi/src/Low_Level_Mission_Planner' returned '0': PYTHONPATH=/home/daehwankim/Desktop/ug-pi/build/Low_Level_Mission_Planner/prefix_override:/home/daehwankim/Desktop/ug-pi/install/Low_Level_Mission_Planner/lib/python3.10/site-packages:${PYTHONPATH} /usr/bin/python3 setup.py egg_info --egg-base ../../build/Low_Level_Mission_Planner build --build-base /home/daehwankim/Desktop/ug-pi/build/Low_Level_Mission_Planner/build install --record /home/daehwankim/Desktop/ug-pi/build/Low_Level_Mission_Planner/install.log --single-version-externally-managed
[8.980s] Level 1:colcon.colcon_core.environment:checking '/home/daehwankim/Desktop/ug-pi/install/Low_Level_Mission_Planner' for CMake module files
[8.981s] Level 1:colcon.colcon_core.environment:checking '/home/daehwankim/Desktop/ug-pi/install/Low_Level_Mission_Planner' for CMake config files
[8.982s] Level 1:colcon.colcon_core.environment:checking '/home/daehwankim/Desktop/ug-pi/install/Low_Level_Mission_Planner/lib'
[8.982s] Level 1:colcon.colcon_core.environment:checking '/home/daehwankim/Desktop/ug-pi/install/Low_Level_Mission_Planner/bin'
[8.982s] Level 1:colcon.colcon_core.environment:checking '/home/daehwankim/Desktop/ug-pi/install/Low_Level_Mission_Planner/lib/pkgconfig/Low_Level_Mission_Planner.pc'
[8.982s] Level 1:colcon.colcon_core.environment:checking '/home/daehwankim/Desktop/ug-pi/install/Low_Level_Mission_Planner/lib/python3.10/site-packages'
[8.983s] Level 1:colcon.colcon_core.shell:create_environment_hook('Low_Level_Mission_Planner', 'pythonpath')
[8.999s] INFO:colcon.colcon_core.shell:Creating environment hook '/home/daehwankim/Desktop/ug-pi/install/Low_Level_Mission_Planner/share/Low_Level_Mission_Planner/hook/pythonpath.ps1'
[9.000s] INFO:colcon.colcon_core.shell:Creating environment descriptor '/home/daehwankim/Desktop/ug-pi/install/Low_Level_Mission_Planner/share/Low_Level_Mission_Planner/hook/pythonpath.dsv'
[9.000s] INFO:colcon.colcon_core.shell:Creating environment hook '/home/daehwankim/Desktop/ug-pi/install/Low_Level_Mission_Planner/share/Low_Level_Mission_Planner/hook/pythonpath.sh'
[9.001s] Level 1:colcon.colcon_core.environment:checking '/home/daehwankim/Desktop/ug-pi/install/Low_Level_Mission_Planner/bin'
[9.001s] Level 1:colcon.colcon_core.environment:create_environment_scripts_only(Low_Level_Mission_Planner)
[9.018s] INFO:colcon.colcon_core.shell:Creating package script '/home/daehwankim/Desktop/ug-pi/install/Low_Level_Mission_Planner/share/Low_Level_Mission_Planner/package.ps1'
[9.030s] INFO:colcon.colcon_core.shell:Creating package descriptor '/home/daehwankim/Desktop/ug-pi/install/Low_Level_Mission_Planner/share/Low_Level_Mission_Planner/package.dsv'
[9.048s] INFO:colcon.colcon_core.shell:Creating package script '/home/daehwankim/Desktop/ug-pi/install/Low_Level_Mission_Planner/share/Low_Level_Mission_Planner/package.sh'
[9.049s] INFO:colcon.colcon_core.shell:Creating package script '/home/daehwankim/Desktop/ug-pi/install/Low_Level_Mission_Planner/share/Low_Level_Mission_Planner/package.bash'
[9.063s] INFO:colcon.colcon_core.shell:Creating package script '/home/daehwankim/Desktop/ug-pi/install/Low_Level_Mission_Planner/share/Low_Level_Mission_Planner/package.zsh'
[9.064s] Level 1:colcon.colcon_core.environment:create_file_with_runtime_dependencies(/home/daehwankim/Desktop/ug-pi/install/Low_Level_Mission_Planner/share/colcon-core/packages/Low_Level_Mission_Planner)
[9.064s] DEBUG:colcon.colcon_parallel_executor.executor.parallel:closing loop
[9.065s] DEBUG:colcon.colcon_parallel_executor.executor.parallel:loop closed
[9.065s] DEBUG:colcon.colcon_parallel_executor.executor.parallel:run_until_complete finished with '0'
[9.065s] DEBUG:colcon.colcon_core.event_reactor:joining thread
[9.144s] INFO:colcon.colcon_core.plugin_system:Skipping extension 'colcon_notification.desktop_notification.terminal_notifier': Not used on non-Darwin systems
[9.144s] INFO:colcon.colcon_core.plugin_system:Skipping extension 'colcon_notification.desktop_notification.win32': Not used on non-Windows systems
[9.144s] INFO:colcon.colcon_notification.desktop_notification:Sending desktop notification using 'notify2'
[9.169s] DEBUG:colcon.colcon_core.event_reactor:joined thread
[9.187s] INFO:colcon.colcon_core.shell:Creating prefix script '/home/daehwankim/Desktop/ug-pi/install/local_setup.ps1'
[9.188s] INFO:colcon.colcon_core.shell:Creating prefix util module '/home/daehwankim/Desktop/ug-pi/install/_local_setup_util_ps1.py'
[9.190s] INFO:colcon.colcon_core.shell:Creating prefix chain script '/home/daehwankim/Desktop/ug-pi/install/setup.ps1'
[9.226s] INFO:colcon.colcon_core.shell:Creating prefix script '/home/daehwankim/Desktop/ug-pi/install/local_setup.sh'
[9.227s] INFO:colcon.colcon_core.shell:Creating prefix util module '/home/daehwankim/Desktop/ug-pi/install/_local_setup_util_sh.py'
[9.227s] INFO:colcon.colcon_core.shell:Creating prefix chain script '/home/daehwankim/Desktop/ug-pi/install/setup.sh'
[9.247s] INFO:colcon.colcon_core.shell:Creating prefix script '/home/daehwankim/Desktop/ug-pi/install/local_setup.bash'
[9.248s] INFO:colcon.colcon_core.shell:Creating prefix chain script '/home/daehwankim/Desktop/ug-pi/install/setup.bash'
[9.266s] INFO:colcon.colcon_core.shell:Creating prefix script '/home/daehwankim/Desktop/ug-pi/install/local_setup.zsh'
[9.267s] INFO:colcon.colcon_core.shell:Creating prefix chain script '/home/daehwankim/Desktop/ug-pi/install/setup.zsh'
