/home/daehwankim/Desktop/ug-pi/install/ug_sensors/lib/python3.10/site-packages/ug_sensors/depth_sensor.py
/home/daehwankim/Desktop/ug-pi/install/ug_sensors/lib/python3.10/site-packages/ug_sensors/ms5837_sensor.py
/home/daehwankim/Desktop/ug-pi/install/ug_sensors/lib/python3.10/site-packages/ug_sensors/fsm.py
/home/daehwankim/Desktop/ug-pi/install/ug_sensors/lib/python3.10/site-packages/ug_sensors/__init__.py
/home/daehwankim/Desktop/ug-pi/install/ug_sensors/lib/python3.10/site-packages/ug_sensors/demo_sub.py
/home/daehwankim/Desktop/ug-pi/install/ug_sensors/lib/python3.10/site-packages/ug_sensors/__pycache__/depth_sensor.cpython-310.pyc
/home/daehwankim/Desktop/ug-pi/install/ug_sensors/lib/python3.10/site-packages/ug_sensors/__pycache__/ms5837_sensor.cpython-310.pyc
/home/daehwankim/Desktop/ug-pi/install/ug_sensors/lib/python3.10/site-packages/ug_sensors/__pycache__/fsm.cpython-310.pyc
/home/daehwankim/Desktop/ug-pi/install/ug_sensors/lib/python3.10/site-packages/ug_sensors/__pycache__/__init__.cpython-310.pyc
/home/daehwankim/Desktop/ug-pi/install/ug_sensors/lib/python3.10/site-packages/ug_sensors/__pycache__/demo_sub.cpython-310.pyc
/home/daehwankim/Desktop/ug-pi/install/ug_sensors/share/ament_index/resource_index/packages/ug_sensors
/home/daehwankim/Desktop/ug-pi/install/ug_sensors/share/ug_sensors/package.xml
/home/daehwankim/Desktop/ug-pi/install/ug_sensors/lib/python3.10/site-packages/ug_sensors-0.0.1-py3.10.egg-info/top_level.txt
/home/daehwankim/Desktop/ug-pi/install/ug_sensors/lib/python3.10/site-packages/ug_sensors-0.0.1-py3.10.egg-info/entry_points.txt
/home/daehwankim/Desktop/ug-pi/install/ug_sensors/lib/python3.10/site-packages/ug_sensors-0.0.1-py3.10.egg-info/PKG-INFO
/home/daehwankim/Desktop/ug-pi/install/ug_sensors/lib/python3.10/site-packages/ug_sensors-0.0.1-py3.10.egg-info/dependency_links.txt
/home/daehwankim/Desktop/ug-pi/install/ug_sensors/lib/python3.10/site-packages/ug_sensors-0.0.1-py3.10.egg-info/requires.txt
/home/daehwankim/Desktop/ug-pi/install/ug_sensors/lib/python3.10/site-packages/ug_sensors-0.0.1-py3.10.egg-info/zip-safe
/home/daehwankim/Desktop/ug-pi/install/ug_sensors/lib/python3.10/site-packages/ug_sensors-0.0.1-py3.10.egg-info/SOURCES.txt
/home/daehwankim/Desktop/ug-pi/install/ug_sensors/lib/ug_sensors/depth_sensor
/home/daehwankim/Desktop/ug-pi/install/ug_sensors/lib/ug_sensors/depth_sensor_demo_sub
