[5.384s] DEBUG:colcon:Command line arguments: ['/usr/bin/colcon', 'build', '--packages-select', 'Low_Level_Mission_Planner']
[5.384s] DEBUG:colcon:Parsed command line arguments: Namespace(log_base=None, log_level=None, verb_name='build', build_base='build', install_base='install', merge_install=False, symlink_install=False, test_result_base=None, continue_on_error=False, executor='parallel', parallel_workers=4, event_handlers=None, ignore_user_meta=False, metas=['./colcon.meta'], base_paths=['.'], packages_ignore=None, packages_ignore_regex=None, paths=None, packages_up_to=None, packages_up_to_regex=None, packages_above=None, packages_above_and_dependencies=None, packages_above_depth=None, packages_select_by_dep=None, packages_skip_by_dep=None, packages_skip_up_to=None, packages_select_build_failed=False, packages_skip_build_finished=False, packages_select_test_failures=False, packages_skip_test_passed=False, packages_select=['Low_Level_Mission_Planner'], packages_skip=None, packages_select_regex=None, packages_skip_regex=None, packages_start=None, packages_end=None, allow_overriding=[], cmake_args=None, cmake_target=None, cmake_target_skip_unavailable=False, cmake_clean_cache=False, cmake_clean_first=False, cmake_force_configure=False, ament_cmake_args=None, catkin_cmake_args=None, catkin_skip_building_tests=False, verb_parser=<colcon_defaults.argument_parser.defaults.DefaultArgumentsDecorator object at 0x7fb11c374550>, verb_extension=<colcon_core.verb.build.BuildVerb object at 0x7fb11c633fa0>, main=<bound method BuildVerb.main of <colcon_core.verb.build.BuildVerb object at 0x7fb11c633fa0>>)
[5.767s] Level 1:colcon.colcon_core.package_discovery:discover_packages(colcon_meta) check parameters
[5.767s] Level 1:colcon.colcon_core.package_discovery:discover_packages(recursive) check parameters
[5.767s] Level 1:colcon.colcon_core.package_discovery:discover_packages(ignore) check parameters
[5.767s] Level 1:colcon.colcon_core.package_discovery:discover_packages(path) check parameters
[5.767s] Level 1:colcon.colcon_core.package_discovery:discover_packages(colcon_meta) discover
[5.768s] Level 1:colcon.colcon_core.package_discovery:discover_packages(recursive) discover
[5.768s] INFO:colcon.colcon_core.package_discovery:Crawling recursively for packages in '/home/daehwankim/Desktop/ug-pi'
[5.768s] Level 1:colcon.colcon_core.package_identification:_identify(.) by extensions ['ignore', 'ignore_ament_install']
[5.768s] Level 1:colcon.colcon_core.package_identification:_identify(.) by extension 'ignore'
[5.768s] Level 1:colcon.colcon_core.package_identification:_identify(.) by extension 'ignore_ament_install'
[5.768s] Level 1:colcon.colcon_core.package_identification:_identify(.) by extensions ['colcon_pkg']
[5.768s] Level 1:colcon.colcon_core.package_identification:_identify(.) by extension 'colcon_pkg'
[5.769s] Level 1:colcon.colcon_core.package_identification:_identify(.) by extensions ['colcon_meta']
[5.769s] Level 1:colcon.colcon_core.package_identification:_identify(.) by extension 'colcon_meta'
[5.769s] Level 1:colcon.colcon_core.package_identification:_identify(.) by extensions ['ros']
[5.769s] Level 1:colcon.colcon_core.package_identification:_identify(.) by extension 'ros'
[5.784s] Level 1:colcon.colcon_core.package_identification:_identify(.) by extensions ['cmake', 'python']
[5.784s] Level 1:colcon.colcon_core.package_identification:_identify(.) by extension 'cmake'
[5.784s] Level 1:colcon.colcon_core.package_identification:_identify(.) by extension 'python'
[5.784s] Level 1:colcon.colcon_core.package_identification:_identify(.) by extensions ['python_setup_py']
[5.784s] Level 1:colcon.colcon_core.package_identification:_identify(.) by extension 'python_setup_py'
[5.784s] Level 1:colcon.colcon_core.package_identification:_identify(build) by extensions ['ignore', 'ignore_ament_install']
[5.784s] Level 1:colcon.colcon_core.package_identification:_identify(build) by extension 'ignore'
[5.784s] Level 1:colcon.colcon_core.package_identification:_identify(build) ignored
[5.785s] Level 1:colcon.colcon_core.package_identification:_identify(install) by extensions ['ignore', 'ignore_ament_install']
[5.785s] Level 1:colcon.colcon_core.package_identification:_identify(install) by extension 'ignore'
[5.785s] Level 1:colcon.colcon_core.package_identification:_identify(install) ignored
[5.785s] Level 1:colcon.colcon_core.package_identification:_identify(log) by extensions ['ignore', 'ignore_ament_install']
[5.785s] Level 1:colcon.colcon_core.package_identification:_identify(log) by extension 'ignore'
[5.785s] Level 1:colcon.colcon_core.package_identification:_identify(log) ignored
[5.786s] Level 1:colcon.colcon_core.package_identification:_identify(src) by extensions ['ignore', 'ignore_ament_install']
[5.786s] Level 1:colcon.colcon_core.package_identification:_identify(src) by extension 'ignore'
[5.786s] Level 1:colcon.colcon_core.package_identification:_identify(src) by extension 'ignore_ament_install'
[5.786s] Level 1:colcon.colcon_core.package_identification:_identify(src) by extensions ['colcon_pkg']
[5.786s] Level 1:colcon.colcon_core.package_identification:_identify(src) by extension 'colcon_pkg'
[5.786s] Level 1:colcon.colcon_core.package_identification:_identify(src) by extensions ['colcon_meta']
[5.786s] Level 1:colcon.colcon_core.package_identification:_identify(src) by extension 'colcon_meta'
[5.786s] Level 1:colcon.colcon_core.package_identification:_identify(src) by extensions ['ros']
[5.786s] Level 1:colcon.colcon_core.package_identification:_identify(src) by extension 'ros'
[5.787s] Level 1:colcon.colcon_core.package_identification:_identify(src) by extensions ['cmake', 'python']
[5.787s] Level 1:colcon.colcon_core.package_identification:_identify(src) by extension 'cmake'
[5.787s] Level 1:colcon.colcon_core.package_identification:_identify(src) by extension 'python'
[5.787s] Level 1:colcon.colcon_core.package_identification:_identify(src) by extensions ['python_setup_py']
[5.787s] Level 1:colcon.colcon_core.package_identification:_identify(src) by extension 'python_setup_py'
[5.787s] Level 1:colcon.colcon_core.package_identification:_identify(src/Low_Level_Mission_Planner) by extensions ['ignore', 'ignore_ament_install']
[5.787s] Level 1:colcon.colcon_core.package_identification:_identify(src/Low_Level_Mission_Planner) by extension 'ignore'
[5.787s] Level 1:colcon.colcon_core.package_identification:_identify(src/Low_Level_Mission_Planner) by extension 'ignore_ament_install'
[5.787s] Level 1:colcon.colcon_core.package_identification:_identify(src/Low_Level_Mission_Planner) by extensions ['colcon_pkg']
[5.788s] Level 1:colcon.colcon_core.package_identification:_identify(src/Low_Level_Mission_Planner) by extension 'colcon_pkg'
[5.788s] Level 1:colcon.colcon_core.package_identification:_identify(src/Low_Level_Mission_Planner) by extensions ['colcon_meta']
[5.788s] Level 1:colcon.colcon_core.package_identification:_identify(src/Low_Level_Mission_Planner) by extension 'colcon_meta'
[5.788s] Level 1:colcon.colcon_core.package_identification:_identify(src/Low_Level_Mission_Planner) by extensions ['ros']
[5.788s] Level 1:colcon.colcon_core.package_identification:_identify(src/Low_Level_Mission_Planner) by extension 'ros'
[5.830s] DEBUG:colcon.colcon_core.package_identification:Package 'src/Low_Level_Mission_Planner' with type 'ros.ament_python' and name 'Low_Level_Mission_Planner'
[5.830s] Level 1:colcon.colcon_core.package_identification:_identify(src/Mission_planner) by extensions ['ignore', 'ignore_ament_install']
[5.830s] Level 1:colcon.colcon_core.package_identification:_identify(src/Mission_planner) by extension 'ignore'
[5.831s] Level 1:colcon.colcon_core.package_identification:_identify(src/Mission_planner) by extension 'ignore_ament_install'
[5.831s] Level 1:colcon.colcon_core.package_identification:_identify(src/Mission_planner) by extensions ['colcon_pkg']
[5.831s] Level 1:colcon.colcon_core.package_identification:_identify(src/Mission_planner) by extension 'colcon_pkg'
[5.831s] Level 1:colcon.colcon_core.package_identification:_identify(src/Mission_planner) by extensions ['colcon_meta']
[5.831s] Level 1:colcon.colcon_core.package_identification:_identify(src/Mission_planner) by extension 'colcon_meta'
[5.831s] Level 1:colcon.colcon_core.package_identification:_identify(src/Mission_planner) by extensions ['ros']
[5.832s] Level 1:colcon.colcon_core.package_identification:_identify(src/Mission_planner) by extension 'ros'
[5.844s] DEBUG:colcon.colcon_core.package_identification:Package 'src/Mission_planner' with type 'ros.ament_python' and name 'Mission_planner'
[5.845s] Level 1:colcon.colcon_core.package_discovery:discover_packages(recursive) using defaults
[5.845s] Level 1:colcon.colcon_core.package_discovery:discover_packages(ignore) discover
[5.845s] Level 1:colcon.colcon_core.package_discovery:discover_packages(ignore) using defaults
[5.846s] Level 1:colcon.colcon_core.package_discovery:discover_packages(path) discover
[5.846s] Level 1:colcon.colcon_core.package_discovery:discover_packages(path) using defaults
[6.142s] INFO:colcon.colcon_core.package_selection:Skipping not selected package 'Mission_planner' in 'src/Mission_planner'
[6.176s] Level 1:colcon.colcon_core.package_discovery:discover_packages(prefix_path) check parameters
[6.176s] Level 1:colcon.colcon_core.package_discovery:discover_packages(prefix_path) discover
[6.238s] DEBUG:colcon.colcon_installed_package_information.package_discovery:Found 3 installed packages in /home/daehwankim/Desktop/ug-pi/install
[6.257s] DEBUG:colcon.colcon_installed_package_information.package_discovery:Found 270 installed packages in /opt/ros/humble
[6.258s] Level 1:colcon.colcon_core.package_discovery:discover_packages(prefix_path) using defaults
[6.414s] Level 5:colcon.colcon_core.verb:set package 'Low_Level_Mission_Planner' build argument 'cmake_args' from command line to 'None'
[6.415s] Level 5:colcon.colcon_core.verb:set package 'Low_Level_Mission_Planner' build argument 'cmake_target' from command line to 'None'
[6.415s] Level 5:colcon.colcon_core.verb:set package 'Low_Level_Mission_Planner' build argument 'cmake_target_skip_unavailable' from command line to 'False'
[6.415s] Level 5:colcon.colcon_core.verb:set package 'Low_Level_Mission_Planner' build argument 'cmake_clean_cache' from command line to 'False'
[6.415s] Level 5:colcon.colcon_core.verb:set package 'Low_Level_Mission_Planner' build argument 'cmake_clean_first' from command line to 'False'
[6.415s] Level 5:colcon.colcon_core.verb:set package 'Low_Level_Mission_Planner' build argument 'cmake_force_configure' from command line to 'False'
[6.415s] Level 5:colcon.colcon_core.verb:set package 'Low_Level_Mission_Planner' build argument 'ament_cmake_args' from command line to 'None'
[6.415s] Level 5:colcon.colcon_core.verb:set package 'Low_Level_Mission_Planner' build argument 'catkin_cmake_args' from command line to 'None'
[6.415s] Level 5:colcon.colcon_core.verb:set package 'Low_Level_Mission_Planner' build argument 'catkin_skip_building_tests' from command line to 'False'
[6.415s] DEBUG:colcon.colcon_core.verb:Building package 'Low_Level_Mission_Planner' with the following arguments: {'ament_cmake_args': None, 'build_base': '/home/daehwankim/Desktop/ug-pi/build/Low_Level_Mission_Planner', 'catkin_cmake_args': None, 'catkin_skip_building_tests': False, 'cmake_args': None, 'cmake_clean_cache': False, 'cmake_clean_first': False, 'cmake_force_configure': False, 'cmake_target': None, 'cmake_target_skip_unavailable': False, 'install_base': '/home/daehwankim/Desktop/ug-pi/install/Low_Level_Mission_Planner', 'merge_install': False, 'path': '/home/daehwankim/Desktop/ug-pi/src/Low_Level_Mission_Planner', 'symlink_install': False, 'test_result_base': None}
[6.433s] INFO:colcon.colcon_core.executor:Executing jobs using 'parallel' executor
[6.453s] DEBUG:colcon.colcon_parallel_executor.executor.parallel:run_until_complete
[6.454s] INFO:colcon.colcon_ros.task.ament_python.build:Building ROS package in '/home/daehwankim/Desktop/ug-pi/src/Low_Level_Mission_Planner' with build type 'ament_python'
[6.454s] Level 1:colcon.colcon_core.shell:create_environment_hook('Low_Level_Mission_Planner', 'ament_prefix_path')
[6.488s] INFO:colcon.colcon_core.plugin_system:Skipping extension 'colcon_core.shell.bat': Not used on non-Windows systems
[6.488s] INFO:colcon.colcon_core.shell:Creating environment hook '/home/daehwankim/Desktop/ug-pi/install/Low_Level_Mission_Planner/share/Low_Level_Mission_Planner/hook/ament_prefix_path.ps1'
[6.495s] INFO:colcon.colcon_core.shell:Creating environment descriptor '/home/daehwankim/Desktop/ug-pi/install/Low_Level_Mission_Planner/share/Low_Level_Mission_Planner/hook/ament_prefix_path.dsv'
[6.513s] INFO:colcon.colcon_core.shell:Creating environment hook '/home/daehwankim/Desktop/ug-pi/install/Low_Level_Mission_Planner/share/Low_Level_Mission_Planner/hook/ament_prefix_path.sh'
[6.531s] INFO:colcon.colcon_core.shell:Skip shell extension 'powershell' for command environment: Not usable outside of PowerShell
[6.531s] DEBUG:colcon.colcon_core.shell:Skip shell extension 'dsv' for command environment
[7.063s] INFO:colcon.colcon_core.task.python.build:Building Python package in '/home/daehwankim/Desktop/ug-pi/src/Low_Level_Mission_Planner'
[7.102s] INFO:colcon.colcon_core.shell:Skip shell extension 'powershell' for command environment: Not usable outside of PowerShell
[7.102s] DEBUG:colcon.colcon_core.shell:Skip shell extension 'dsv' for command environment
[8.409s] DEBUG:colcon.colcon_core.event_handler.log_command:Invoking command in '/home/daehwankim/Desktop/ug-pi/src/Low_Level_Mission_Planner': PYTHONPATH=/home/daehwankim/Desktop/ug-pi/build/Low_Level_Mission_Planner/prefix_override:/home/daehwankim/Desktop/ug-pi/install/Low_Level_Mission_Planner/lib/python3.10/site-packages:${PYTHONPATH} /usr/bin/python3 setup.py egg_info --egg-base ../../build/Low_Level_Mission_Planner build --build-base /home/daehwankim/Desktop/ug-pi/build/Low_Level_Mission_Planner/build install --record /home/daehwankim/Desktop/ug-pi/build/Low_Level_Mission_Planner/install.log --single-version-externally-managed
[9.012s] DEBUG:colcon.colcon_core.event_handler.log_command:Invoked command in '/home/daehwankim/Desktop/ug-pi/src/Low_Level_Mission_Planner' returned '0': PYTHONPATH=/home/daehwankim/Desktop/ug-pi/build/Low_Level_Mission_Planner/prefix_override:/home/daehwankim/Desktop/ug-pi/install/Low_Level_Mission_Planner/lib/python3.10/site-packages:${PYTHONPATH} /usr/bin/python3 setup.py egg_info --egg-base ../../build/Low_Level_Mission_Planner build --build-base /home/daehwankim/Desktop/ug-pi/build/Low_Level_Mission_Planner/build install --record /home/daehwankim/Desktop/ug-pi/build/Low_Level_Mission_Planner/install.log --single-version-externally-managed
[9.068s] Level 1:colcon.colcon_core.environment:checking '/home/daehwankim/Desktop/ug-pi/install/Low_Level_Mission_Planner' for CMake module files
[9.068s] Level 1:colcon.colcon_core.environment:checking '/home/daehwankim/Desktop/ug-pi/install/Low_Level_Mission_Planner' for CMake config files
[9.069s] Level 1:colcon.colcon_core.environment:checking '/home/daehwankim/Desktop/ug-pi/install/Low_Level_Mission_Planner/lib'
[9.069s] Level 1:colcon.colcon_core.environment:checking '/home/daehwankim/Desktop/ug-pi/install/Low_Level_Mission_Planner/bin'
[9.069s] Level 1:colcon.colcon_core.environment:checking '/home/daehwankim/Desktop/ug-pi/install/Low_Level_Mission_Planner/lib/pkgconfig/Low_Level_Mission_Planner.pc'
[9.070s] Level 1:colcon.colcon_core.environment:checking '/home/daehwankim/Desktop/ug-pi/install/Low_Level_Mission_Planner/lib/python3.10/site-packages'
[9.070s] Level 1:colcon.colcon_core.shell:create_environment_hook('Low_Level_Mission_Planner', 'pythonpath')
[9.088s] INFO:colcon.colcon_core.shell:Creating environment hook '/home/daehwankim/Desktop/ug-pi/install/Low_Level_Mission_Planner/share/Low_Level_Mission_Planner/hook/pythonpath.ps1'
[9.089s] INFO:colcon.colcon_core.shell:Creating environment descriptor '/home/daehwankim/Desktop/ug-pi/install/Low_Level_Mission_Planner/share/Low_Level_Mission_Planner/hook/pythonpath.dsv'
[9.089s] INFO:colcon.colcon_core.shell:Creating environment hook '/home/daehwankim/Desktop/ug-pi/install/Low_Level_Mission_Planner/share/Low_Level_Mission_Planner/hook/pythonpath.sh'
[9.090s] Level 1:colcon.colcon_core.environment:checking '/home/daehwankim/Desktop/ug-pi/install/Low_Level_Mission_Planner/bin'
[9.090s] Level 1:colcon.colcon_core.environment:create_environment_scripts_only(Low_Level_Mission_Planner)
[9.108s] INFO:colcon.colcon_core.shell:Creating package script '/home/daehwankim/Desktop/ug-pi/install/Low_Level_Mission_Planner/share/Low_Level_Mission_Planner/package.ps1'
[9.131s] INFO:colcon.colcon_core.shell:Creating package descriptor '/home/daehwankim/Desktop/ug-pi/install/Low_Level_Mission_Planner/share/Low_Level_Mission_Planner/package.dsv'
[9.149s] INFO:colcon.colcon_core.shell:Creating package script '/home/daehwankim/Desktop/ug-pi/install/Low_Level_Mission_Planner/share/Low_Level_Mission_Planner/package.sh'
[9.154s] INFO:colcon.colcon_core.shell:Creating package script '/home/daehwankim/Desktop/ug-pi/install/Low_Level_Mission_Planner/share/Low_Level_Mission_Planner/package.bash'
[9.164s] INFO:colcon.colcon_core.shell:Creating package script '/home/daehwankim/Desktop/ug-pi/install/Low_Level_Mission_Planner/share/Low_Level_Mission_Planner/package.zsh'
[9.169s] Level 1:colcon.colcon_core.environment:create_file_with_runtime_dependencies(/home/daehwankim/Desktop/ug-pi/install/Low_Level_Mission_Planner/share/colcon-core/packages/Low_Level_Mission_Planner)
[9.172s] DEBUG:colcon.colcon_parallel_executor.executor.parallel:closing loop
[9.173s] DEBUG:colcon.colcon_parallel_executor.executor.parallel:loop closed
[9.173s] DEBUG:colcon.colcon_parallel_executor.executor.parallel:run_until_complete finished with '0'
[9.173s] DEBUG:colcon.colcon_core.event_reactor:joining thread
[9.281s] INFO:colcon.colcon_core.plugin_system:Skipping extension 'colcon_notification.desktop_notification.terminal_notifier': Not used on non-Darwin systems
[9.282s] INFO:colcon.colcon_core.plugin_system:Skipping extension 'colcon_notification.desktop_notification.win32': Not used on non-Windows systems
[9.282s] INFO:colcon.colcon_notification.desktop_notification:Sending desktop notification using 'notify2'
[9.309s] DEBUG:colcon.colcon_core.event_reactor:joined thread
[9.334s] INFO:colcon.colcon_core.shell:Creating prefix script '/home/daehwankim/Desktop/ug-pi/install/local_setup.ps1'
[9.352s] INFO:colcon.colcon_core.shell:Creating prefix util module '/home/daehwankim/Desktop/ug-pi/install/_local_setup_util_ps1.py'
[9.371s] INFO:colcon.colcon_core.shell:Creating prefix chain script '/home/daehwankim/Desktop/ug-pi/install/setup.ps1'
[9.405s] INFO:colcon.colcon_core.shell:Creating prefix script '/home/daehwankim/Desktop/ug-pi/install/local_setup.sh'
[9.406s] INFO:colcon.colcon_core.shell:Creating prefix util module '/home/daehwankim/Desktop/ug-pi/install/_local_setup_util_sh.py'
[9.407s] INFO:colcon.colcon_core.shell:Creating prefix chain script '/home/daehwankim/Desktop/ug-pi/install/setup.sh'
[9.426s] INFO:colcon.colcon_core.shell:Creating prefix script '/home/daehwankim/Desktop/ug-pi/install/local_setup.bash'
[9.454s] INFO:colcon.colcon_core.shell:Creating prefix chain script '/home/daehwankim/Desktop/ug-pi/install/setup.bash'
[9.506s] INFO:colcon.colcon_core.shell:Creating prefix script '/home/daehwankim/Desktop/ug-pi/install/local_setup.zsh'
[9.508s] INFO:colcon.colcon_core.shell:Creating prefix chain script '/home/daehwankim/Desktop/ug-pi/install/setup.zsh'
