[3.320s] Invoking command in '/home/daehwankim/Desktop/ug-pi/src/Mission_planner': PYTHONPATH=/home/daehwankim/Desktop/ug-pi/build/Mission_planner/prefix_override:/home/daehwankim/Desktop/ug-pi/install/Mission_planner/lib/python3.10/site-packages:${PYTHONPATH} /usr/bin/python3 setup.py egg_info --egg-base ../../build/Mission_planner build --build-base /home/daehwankim/Desktop/ug-pi/build/Mission_planner/build install --record /home/daehwankim/Desktop/ug-pi/build/Mission_planner/install.log --single-version-externally-managed
[3.634s] running egg_info
[3.634s] writing ../../build/Mission_planner/Mission_planner.egg-info/PKG-INFO
[3.684s] writing dependency_links to ../../build/Mission_planner/Mission_planner.egg-info/dependency_links.txt
[3.685s] writing entry points to ../../build/Mission_planner/Mission_planner.egg-info/entry_points.txt
[3.685s] writing requirements to ../../build/Mission_planner/Mission_planner.egg-info/requires.txt
[3.685s] writing top-level names to ../../build/Mission_planner/Mission_planner.egg-info/top_level.txt
[3.690s] reading manifest file '../../build/Mission_planner/Mission_planner.egg-info/SOURCES.txt'
[3.709s] adding license file 'LICENSE'
[3.710s] writing manifest file '../../build/Mission_planner/Mission_planner.egg-info/SOURCES.txt'
[3.711s] running build
[3.711s] running build_py
[3.757s] running install
[3.758s] running install_lib
[3.818s] running install_data
[3.830s] copying package.xml -> /home/daehwankim/Desktop/ug-pi/install/Mission_planner/share/Mission_planner
[3.831s] running install_egg_info
[3.841s] removing '/home/daehwankim/Desktop/ug-pi/install/Mission_planner/lib/python3.10/site-packages/Mission_planner-0.0.0-py3.10.egg-info' (and everything under it)
[3.844s] Copying ../../build/Mission_planner/Mission_planner.egg-info to /home/daehwankim/Desktop/ug-pi/install/Mission_planner/lib/python3.10/site-packages/Mission_planner-0.0.0-py3.10.egg-info
[3.856s] running install_scripts
[3.887s] Installing fsm script to /home/daehwankim/Desktop/ug-pi/install/Mission_planner/lib/Mission_planner
[3.897s] writing list of installed files to '/home/daehwankim/Desktop/ug-pi/build/Mission_planner/install.log'
[3.928s] Invoked command in '/home/daehwankim/Desktop/ug-pi/src/Mission_planner' returned '0': PYTHONPATH=/home/daehwankim/Desktop/ug-pi/build/Mission_planner/prefix_override:/home/daehwankim/Desktop/ug-pi/install/Mission_planner/lib/python3.10/site-packages:${PYTHONPATH} /usr/bin/python3 setup.py egg_info --egg-base ../../build/Mission_planner build --build-base /home/daehwankim/Desktop/ug-pi/build/Mission_planner/build install --record /home/daehwankim/Desktop/ug-pi/build/Mission_planner/install.log --single-version-externally-managed
