[0.891s] Invoking command in '/home/daehwankim/Desktop/ug-pi/src/Low_Level_Mission_Planner': PYTHONPATH=/home/daehwankim/Desktop/ug-pi/build/Low_Level_Mission_Planner/prefix_override:/home/daehwankim/Desktop/ug-pi/install/Low_Level_Mission_Planner/lib/python3.10/site-packages:${PYTHONPATH} /usr/bin/python3 setup.py egg_info --egg-base ../../build/Low_Level_Mission_Planner build --build-base /home/daehwankim/Desktop/ug-pi/build/Low_Level_Mission_Planner/build install --record /home/daehwankim/Desktop/ug-pi/build/Low_Level_Mission_Planner/install.log --single-version-externally-managed
[1.181s] running egg_info
[1.182s] writing ../../build/Low_Level_Mission_Planner/Low_Level_Mission_Planner.egg-info/PKG-INFO
[1.182s] writing dependency_links to ../../build/Low_Level_Mission_Planner/Low_Level_Mission_Planner.egg-info/dependency_links.txt
[1.182s] writing entry points to ../../build/Low_Level_Mission_Planner/Low_Level_Mission_Planner.egg-info/entry_points.txt
[1.183s] writing requirements to ../../build/Low_Level_Mission_Planner/Low_Level_Mission_Planner.egg-info/requires.txt
[1.183s] writing top-level names to ../../build/Low_Level_Mission_Planner/Low_Level_Mission_Planner.egg-info/top_level.txt
[1.186s] reading manifest file '../../build/Low_Level_Mission_Planner/Low_Level_Mission_Planner.egg-info/SOURCES.txt'
[1.187s] writing manifest file '../../build/Low_Level_Mission_Planner/Low_Level_Mission_Planner.egg-info/SOURCES.txt'
[1.188s] running build
[1.188s] running build_py
[1.188s] copying Low_Level_Mission_Planner/fsm.py -> /home/daehwankim/Desktop/ug-pi/build/Low_Level_Mission_Planner/build/lib/Low_Level_Mission_Planner
[1.188s] running install
[1.189s] running install_lib
[1.190s] copying /home/daehwankim/Desktop/ug-pi/build/Low_Level_Mission_Planner/build/lib/Low_Level_Mission_Planner/fsm.py -> /home/daehwankim/Desktop/ug-pi/install/Low_Level_Mission_Planner/lib/python3.10/site-packages/Low_Level_Mission_Planner
[1.191s] byte-compiling /home/daehwankim/Desktop/ug-pi/install/Low_Level_Mission_Planner/lib/python3.10/site-packages/Low_Level_Mission_Planner/fsm.py to fsm.cpython-310.pyc
[1.192s] running install_data
[1.193s] running install_egg_info
[1.195s] removing '/home/daehwankim/Desktop/ug-pi/install/Low_Level_Mission_Planner/lib/python3.10/site-packages/Low_Level_Mission_Planner-0.0.1-py3.10.egg-info' (and everything under it)
[1.195s] Copying ../../build/Low_Level_Mission_Planner/Low_Level_Mission_Planner.egg-info to /home/daehwankim/Desktop/ug-pi/install/Low_Level_Mission_Planner/lib/python3.10/site-packages/Low_Level_Mission_Planner-0.0.1-py3.10.egg-info
[1.196s] running install_scripts
[1.222s] Installing depth_sensor script to /home/daehwankim/Desktop/ug-pi/install/Low_Level_Mission_Planner/lib/Low_Level_Mission_Planner
[1.222s] Installing sensors script to /home/daehwankim/Desktop/ug-pi/install/Low_Level_Mission_Planner/lib/Low_Level_Mission_Planner
[1.223s] writing list of installed files to '/home/daehwankim/Desktop/ug-pi/build/Low_Level_Mission_Planner/install.log'
[1.255s] Invoked command in '/home/daehwankim/Desktop/ug-pi/src/Low_Level_Mission_Planner' returned '0': PYTHONPATH=/home/daehwankim/Desktop/ug-pi/build/Low_Level_Mission_Planner/prefix_override:/home/daehwankim/Desktop/ug-pi/install/Low_Level_Mission_Planner/lib/python3.10/site-packages:${PYTHONPATH} /usr/bin/python3 setup.py egg_info --egg-base ../../build/Low_Level_Mission_Planner build --build-base /home/daehwankim/Desktop/ug-pi/build/Low_Level_Mission_Planner/build install --record /home/daehwankim/Desktop/ug-pi/build/Low_Level_Mission_Planner/install.log --single-version-externally-managed
