[3.250s] DEBUG:colcon:Command line arguments: ['/usr/bin/colcon', 'build', '--packages-select', 'Low_Level_Mission_Planner']
[3.250s] DEBUG:colcon:Parsed command line arguments: Namespace(log_base=None, log_level=None, verb_name='build', build_base='build', install_base='install', merge_install=False, symlink_install=False, test_result_base=None, continue_on_error=False, executor='parallel', parallel_workers=4, event_handlers=None, ignore_user_meta=False, metas=['./colcon.meta'], base_paths=['.'], packages_ignore=None, packages_ignore_regex=None, paths=None, packages_up_to=None, packages_up_to_regex=None, packages_above=None, packages_above_and_dependencies=None, packages_above_depth=None, packages_select_by_dep=None, packages_skip_by_dep=None, packages_skip_up_to=None, packages_select_build_failed=False, packages_skip_build_finished=False, packages_select_test_failures=False, packages_skip_test_passed=False, packages_select=['Low_Level_Mission_Planner'], packages_skip=None, packages_select_regex=None, packages_skip_regex=None, packages_start=None, packages_end=None, allow_overriding=[], cmake_args=None, cmake_target=None, cmake_target_skip_unavailable=False, cmake_clean_cache=False, cmake_clean_first=False, cmake_force_configure=False, ament_cmake_args=None, catkin_cmake_args=None, catkin_skip_building_tests=False, verb_parser=<colcon_defaults.argument_parser.defaults.DefaultArgumentsDecorator object at 0x7f1ae4f4dd80>, verb_extension=<colcon_core.verb.build.BuildVerb object at 0x7f1ae522a7d0>, main=<bound method BuildVerb.main of <colcon_core.verb.build.BuildVerb object at 0x7f1ae522a7d0>>)
[3.393s] Level 1:colcon.colcon_core.package_discovery:discover_packages(colcon_meta) check parameters
[3.393s] Level 1:colcon.colcon_core.package_discovery:discover_packages(recursive) check parameters
[3.395s] Level 1:colcon.colcon_core.package_discovery:discover_packages(ignore) check parameters
[3.395s] Level 1:colcon.colcon_core.package_discovery:discover_packages(path) check parameters
[3.395s] Level 1:colcon.colcon_core.package_discovery:discover_packages(colcon_meta) discover
[3.395s] Level 1:colcon.colcon_core.package_discovery:discover_packages(recursive) discover
[3.396s] INFO:colcon.colcon_core.package_discovery:Crawling recursively for packages in '/home/daehwankim/Desktop/ug-pi'
[3.396s] Level 1:colcon.colcon_core.package_identification:_identify(.) by extensions ['ignore', 'ignore_ament_install']
[3.396s] Level 1:colcon.colcon_core.package_identification:_identify(.) by extension 'ignore'
[3.397s] Level 1:colcon.colcon_core.package_identification:_identify(.) by extension 'ignore_ament_install'
[3.397s] Level 1:colcon.colcon_core.package_identification:_identify(.) by extensions ['colcon_pkg']
[3.397s] Level 1:colcon.colcon_core.package_identification:_identify(.) by extension 'colcon_pkg'
[3.397s] Level 1:colcon.colcon_core.package_identification:_identify(.) by extensions ['colcon_meta']
[3.397s] Level 1:colcon.colcon_core.package_identification:_identify(.) by extension 'colcon_meta'
[3.398s] Level 1:colcon.colcon_core.package_identification:_identify(.) by extensions ['ros']
[3.398s] Level 1:colcon.colcon_core.package_identification:_identify(.) by extension 'ros'
[3.431s] Level 1:colcon.colcon_core.package_identification:_identify(.) by extensions ['cmake', 'python']
[3.431s] Level 1:colcon.colcon_core.package_identification:_identify(.) by extension 'cmake'
[3.431s] Level 1:colcon.colcon_core.package_identification:_identify(.) by extension 'python'
[3.431s] Level 1:colcon.colcon_core.package_identification:_identify(.) by extensions ['python_setup_py']
[3.432s] Level 1:colcon.colcon_core.package_identification:_identify(.) by extension 'python_setup_py'
[3.432s] Level 1:colcon.colcon_core.package_identification:_identify(build) by extensions ['ignore', 'ignore_ament_install']
[3.432s] Level 1:colcon.colcon_core.package_identification:_identify(build) by extension 'ignore'
[3.433s] Level 1:colcon.colcon_core.package_identification:_identify(build) ignored
[3.433s] Level 1:colcon.colcon_core.package_identification:_identify(install) by extensions ['ignore', 'ignore_ament_install']
[3.434s] Level 1:colcon.colcon_core.package_identification:_identify(install) by extension 'ignore'
[3.434s] Level 1:colcon.colcon_core.package_identification:_identify(install) ignored
[3.434s] Level 1:colcon.colcon_core.package_identification:_identify(log) by extensions ['ignore', 'ignore_ament_install']
[3.435s] Level 1:colcon.colcon_core.package_identification:_identify(log) by extension 'ignore'
[3.435s] Level 1:colcon.colcon_core.package_identification:_identify(log) ignored
[3.435s] Level 1:colcon.colcon_core.package_identification:_identify(src) by extensions ['ignore', 'ignore_ament_install']
[3.436s] Level 1:colcon.colcon_core.package_identification:_identify(src) by extension 'ignore'
[3.436s] Level 1:colcon.colcon_core.package_identification:_identify(src) by extension 'ignore_ament_install'
[3.436s] Level 1:colcon.colcon_core.package_identification:_identify(src) by extensions ['colcon_pkg']
[3.436s] Level 1:colcon.colcon_core.package_identification:_identify(src) by extension 'colcon_pkg'
[3.436s] Level 1:colcon.colcon_core.package_identification:_identify(src) by extensions ['colcon_meta']
[3.437s] Level 1:colcon.colcon_core.package_identification:_identify(src) by extension 'colcon_meta'
[3.437s] Level 1:colcon.colcon_core.package_identification:_identify(src) by extensions ['ros']
[3.437s] Level 1:colcon.colcon_core.package_identification:_identify(src) by extension 'ros'
[3.437s] Level 1:colcon.colcon_core.package_identification:_identify(src) by extensions ['cmake', 'python']
[3.437s] Level 1:colcon.colcon_core.package_identification:_identify(src) by extension 'cmake'
[3.438s] Level 1:colcon.colcon_core.package_identification:_identify(src) by extension 'python'
[3.438s] Level 1:colcon.colcon_core.package_identification:_identify(src) by extensions ['python_setup_py']
[3.438s] Level 1:colcon.colcon_core.package_identification:_identify(src) by extension 'python_setup_py'
[3.439s] Level 1:colcon.colcon_core.package_identification:_identify(src/Low_Level_Mission_Planner) by extensions ['ignore', 'ignore_ament_install']
[3.439s] Level 1:colcon.colcon_core.package_identification:_identify(src/Low_Level_Mission_Planner) by extension 'ignore'
[3.439s] Level 1:colcon.colcon_core.package_identification:_identify(src/Low_Level_Mission_Planner) by extension 'ignore_ament_install'
[3.439s] Level 1:colcon.colcon_core.package_identification:_identify(src/Low_Level_Mission_Planner) by extensions ['colcon_pkg']
[3.440s] Level 1:colcon.colcon_core.package_identification:_identify(src/Low_Level_Mission_Planner) by extension 'colcon_pkg'
[3.440s] Level 1:colcon.colcon_core.package_identification:_identify(src/Low_Level_Mission_Planner) by extensions ['colcon_meta']
[3.440s] Level 1:colcon.colcon_core.package_identification:_identify(src/Low_Level_Mission_Planner) by extension 'colcon_meta'
[3.440s] Level 1:colcon.colcon_core.package_identification:_identify(src/Low_Level_Mission_Planner) by extensions ['ros']
[3.440s] Level 1:colcon.colcon_core.package_identification:_identify(src/Low_Level_Mission_Planner) by extension 'ros'
[3.452s] DEBUG:colcon.colcon_core.package_identification:Package 'src/Low_Level_Mission_Planner' with type 'ros.ament_python' and name 'Low_Level_Mission_Planner'
[3.452s] Level 1:colcon.colcon_core.package_identification:_identify(src/Mission_planner) by extensions ['ignore', 'ignore_ament_install']
[3.453s] Level 1:colcon.colcon_core.package_identification:_identify(src/Mission_planner) by extension 'ignore'
[3.453s] Level 1:colcon.colcon_core.package_identification:_identify(src/Mission_planner) by extension 'ignore_ament_install'
[3.453s] Level 1:colcon.colcon_core.package_identification:_identify(src/Mission_planner) by extensions ['colcon_pkg']
[3.453s] Level 1:colcon.colcon_core.package_identification:_identify(src/Mission_planner) by extension 'colcon_pkg'
[3.454s] Level 1:colcon.colcon_core.package_identification:_identify(src/Mission_planner) by extensions ['colcon_meta']
[3.454s] Level 1:colcon.colcon_core.package_identification:_identify(src/Mission_planner) by extension 'colcon_meta'
[3.454s] Level 1:colcon.colcon_core.package_identification:_identify(src/Mission_planner) by extensions ['ros']
[3.454s] Level 1:colcon.colcon_core.package_identification:_identify(src/Mission_planner) by extension 'ros'
[3.456s] DEBUG:colcon.colcon_core.package_identification:Package 'src/Mission_planner' with type 'ros.ament_python' and name 'Mission_planner'
[3.456s] Level 1:colcon.colcon_core.package_discovery:discover_packages(recursive) using defaults
[3.456s] Level 1:colcon.colcon_core.package_discovery:discover_packages(ignore) discover
[3.456s] Level 1:colcon.colcon_core.package_discovery:discover_packages(ignore) using defaults
[3.456s] Level 1:colcon.colcon_core.package_discovery:discover_packages(path) discover
[3.456s] Level 1:colcon.colcon_core.package_discovery:discover_packages(path) using defaults
[3.643s] INFO:colcon.colcon_core.package_selection:Skipping not selected package 'Mission_planner' in 'src/Mission_planner'
[3.721s] Level 1:colcon.colcon_core.package_discovery:discover_packages(prefix_path) check parameters
[3.721s] Level 1:colcon.colcon_core.package_discovery:discover_packages(prefix_path) discover
[3.806s] DEBUG:colcon.colcon_installed_package_information.package_discovery:Found 3 installed packages in /home/daehwankim/Desktop/ug-pi/install
[3.848s] DEBUG:colcon.colcon_installed_package_information.package_discovery:Found 270 installed packages in /opt/ros/humble
[3.853s] Level 1:colcon.colcon_core.package_discovery:discover_packages(prefix_path) using defaults
[4.115s] Level 5:colcon.colcon_core.verb:set package 'Low_Level_Mission_Planner' build argument 'cmake_args' from command line to 'None'
[4.116s] Level 5:colcon.colcon_core.verb:set package 'Low_Level_Mission_Planner' build argument 'cmake_target' from command line to 'None'
[4.116s] Level 5:colcon.colcon_core.verb:set package 'Low_Level_Mission_Planner' build argument 'cmake_target_skip_unavailable' from command line to 'False'
[4.116s] Level 5:colcon.colcon_core.verb:set package 'Low_Level_Mission_Planner' build argument 'cmake_clean_cache' from command line to 'False'
[4.116s] Level 5:colcon.colcon_core.verb:set package 'Low_Level_Mission_Planner' build argument 'cmake_clean_first' from command line to 'False'
[4.116s] Level 5:colcon.colcon_core.verb:set package 'Low_Level_Mission_Planner' build argument 'cmake_force_configure' from command line to 'False'
[4.116s] Level 5:colcon.colcon_core.verb:set package 'Low_Level_Mission_Planner' build argument 'ament_cmake_args' from command line to 'None'
[4.116s] Level 5:colcon.colcon_core.verb:set package 'Low_Level_Mission_Planner' build argument 'catkin_cmake_args' from command line to 'None'
[4.117s] Level 5:colcon.colcon_core.verb:set package 'Low_Level_Mission_Planner' build argument 'catkin_skip_building_tests' from command line to 'False'
[4.117s] DEBUG:colcon.colcon_core.verb:Building package 'Low_Level_Mission_Planner' with the following arguments: {'ament_cmake_args': None, 'build_base': '/home/daehwankim/Desktop/ug-pi/build/Low_Level_Mission_Planner', 'catkin_cmake_args': None, 'catkin_skip_building_tests': False, 'cmake_args': None, 'cmake_clean_cache': False, 'cmake_clean_first': False, 'cmake_force_configure': False, 'cmake_target': None, 'cmake_target_skip_unavailable': False, 'install_base': '/home/daehwankim/Desktop/ug-pi/install/Low_Level_Mission_Planner', 'merge_install': False, 'path': '/home/daehwankim/Desktop/ug-pi/src/Low_Level_Mission_Planner', 'symlink_install': False, 'test_result_base': None}
[4.155s] INFO:colcon.colcon_core.executor:Executing jobs using 'parallel' executor
[4.196s] DEBUG:colcon.colcon_parallel_executor.executor.parallel:run_until_complete
[4.196s] INFO:colcon.colcon_ros.task.ament_python.build:Building ROS package in '/home/daehwankim/Desktop/ug-pi/src/Low_Level_Mission_Planner' with build type 'ament_python'
[4.197s] Level 1:colcon.colcon_core.shell:create_environment_hook('Low_Level_Mission_Planner', 'ament_prefix_path')
[4.248s] INFO:colcon.colcon_core.plugin_system:Skipping extension 'colcon_core.shell.bat': Not used on non-Windows systems
[4.249s] INFO:colcon.colcon_core.shell:Creating environment hook '/home/daehwankim/Desktop/ug-pi/install/Low_Level_Mission_Planner/share/Low_Level_Mission_Planner/hook/ament_prefix_path.ps1'
[4.251s] INFO:colcon.colcon_core.shell:Creating environment descriptor '/home/daehwankim/Desktop/ug-pi/install/Low_Level_Mission_Planner/share/Low_Level_Mission_Planner/hook/ament_prefix_path.dsv'
[4.252s] INFO:colcon.colcon_core.shell:Creating environment hook '/home/daehwankim/Desktop/ug-pi/install/Low_Level_Mission_Planner/share/Low_Level_Mission_Planner/hook/ament_prefix_path.sh'
[4.300s] INFO:colcon.colcon_core.shell:Skip shell extension 'powershell' for command environment: Not usable outside of PowerShell
[4.300s] DEBUG:colcon.colcon_core.shell:Skip shell extension 'dsv' for command environment
[5.323s] INFO:colcon.colcon_core.task.python.build:Building Python package in '/home/daehwankim/Desktop/ug-pi/src/Low_Level_Mission_Planner'
[5.386s] INFO:colcon.colcon_core.shell:Skip shell extension 'powershell' for command environment: Not usable outside of PowerShell
[5.387s] DEBUG:colcon.colcon_core.shell:Skip shell extension 'dsv' for command environment
[7.169s] DEBUG:colcon.colcon_core.event_handler.log_command:Invoking command in '/home/daehwankim/Desktop/ug-pi/src/Low_Level_Mission_Planner': PYTHONPATH=/home/daehwankim/Desktop/ug-pi/build/Low_Level_Mission_Planner/prefix_override:/home/daehwankim/Desktop/ug-pi/install/Low_Level_Mission_Planner/lib/python3.10/site-packages:${PYTHONPATH} /usr/bin/python3 setup.py egg_info --egg-base ../../build/Low_Level_Mission_Planner build --build-base /home/daehwankim/Desktop/ug-pi/build/Low_Level_Mission_Planner/build install --record /home/daehwankim/Desktop/ug-pi/build/Low_Level_Mission_Planner/install.log --single-version-externally-managed
[8.659s] DEBUG:colcon.colcon_core.event_handler.log_command:Invoked command in '/home/daehwankim/Desktop/ug-pi/src/Low_Level_Mission_Planner' returned '0': PYTHONPATH=/home/daehwankim/Desktop/ug-pi/build/Low_Level_Mission_Planner/prefix_override:/home/daehwankim/Desktop/ug-pi/install/Low_Level_Mission_Planner/lib/python3.10/site-packages:${PYTHONPATH} /usr/bin/python3 setup.py egg_info --egg-base ../../build/Low_Level_Mission_Planner build --build-base /home/daehwankim/Desktop/ug-pi/build/Low_Level_Mission_Planner/build install --record /home/daehwankim/Desktop/ug-pi/build/Low_Level_Mission_Planner/install.log --single-version-externally-managed
[8.751s] Level 1:colcon.colcon_core.environment:checking '/home/daehwankim/Desktop/ug-pi/install/Low_Level_Mission_Planner' for CMake module files
[8.752s] Level 1:colcon.colcon_core.environment:checking '/home/daehwankim/Desktop/ug-pi/install/Low_Level_Mission_Planner' for CMake config files
[8.755s] Level 1:colcon.colcon_core.environment:checking '/home/daehwankim/Desktop/ug-pi/install/Low_Level_Mission_Planner/lib'
[8.756s] Level 1:colcon.colcon_core.environment:checking '/home/daehwankim/Desktop/ug-pi/install/Low_Level_Mission_Planner/bin'
[8.756s] Level 1:colcon.colcon_core.environment:checking '/home/daehwankim/Desktop/ug-pi/install/Low_Level_Mission_Planner/lib/pkgconfig/Low_Level_Mission_Planner.pc'
[8.757s] Level 1:colcon.colcon_core.environment:checking '/home/daehwankim/Desktop/ug-pi/install/Low_Level_Mission_Planner/lib/python3.10/site-packages'
[8.758s] Level 1:colcon.colcon_core.shell:create_environment_hook('Low_Level_Mission_Planner', 'pythonpath')
[8.831s] INFO:colcon.colcon_core.shell:Creating environment hook '/home/daehwankim/Desktop/ug-pi/install/Low_Level_Mission_Planner/share/Low_Level_Mission_Planner/hook/pythonpath.ps1'
[8.833s] INFO:colcon.colcon_core.shell:Creating environment descriptor '/home/daehwankim/Desktop/ug-pi/install/Low_Level_Mission_Planner/share/Low_Level_Mission_Planner/hook/pythonpath.dsv'
[8.835s] INFO:colcon.colcon_core.shell:Creating environment hook '/home/daehwankim/Desktop/ug-pi/install/Low_Level_Mission_Planner/share/Low_Level_Mission_Planner/hook/pythonpath.sh'
[8.837s] Level 1:colcon.colcon_core.environment:checking '/home/daehwankim/Desktop/ug-pi/install/Low_Level_Mission_Planner/bin'
[8.837s] Level 1:colcon.colcon_core.environment:create_environment_scripts_only(Low_Level_Mission_Planner)
[8.910s] INFO:colcon.colcon_core.shell:Creating package script '/home/daehwankim/Desktop/ug-pi/install/Low_Level_Mission_Planner/share/Low_Level_Mission_Planner/package.ps1'
[8.913s] INFO:colcon.colcon_core.shell:Creating package descriptor '/home/daehwankim/Desktop/ug-pi/install/Low_Level_Mission_Planner/share/Low_Level_Mission_Planner/package.dsv'
[8.916s] INFO:colcon.colcon_core.shell:Creating package script '/home/daehwankim/Desktop/ug-pi/install/Low_Level_Mission_Planner/share/Low_Level_Mission_Planner/package.sh'
[8.920s] INFO:colcon.colcon_core.shell:Creating package script '/home/daehwankim/Desktop/ug-pi/install/Low_Level_Mission_Planner/share/Low_Level_Mission_Planner/package.bash'
[8.923s] INFO:colcon.colcon_core.shell:Creating package script '/home/daehwankim/Desktop/ug-pi/install/Low_Level_Mission_Planner/share/Low_Level_Mission_Planner/package.zsh'
[8.927s] Level 1:colcon.colcon_core.environment:create_file_with_runtime_dependencies(/home/daehwankim/Desktop/ug-pi/install/Low_Level_Mission_Planner/share/colcon-core/packages/Low_Level_Mission_Planner)
[8.928s] DEBUG:colcon.colcon_parallel_executor.executor.parallel:closing loop
[8.929s] DEBUG:colcon.colcon_parallel_executor.executor.parallel:loop closed
[8.929s] DEBUG:colcon.colcon_parallel_executor.executor.parallel:run_until_complete finished with '0'
[8.929s] DEBUG:colcon.colcon_core.event_reactor:joining thread
[9.047s] INFO:colcon.colcon_core.plugin_system:Skipping extension 'colcon_notification.desktop_notification.terminal_notifier': Not used on non-Darwin systems
[9.047s] INFO:colcon.colcon_core.plugin_system:Skipping extension 'colcon_notification.desktop_notification.win32': Not used on non-Windows systems
[9.047s] INFO:colcon.colcon_notification.desktop_notification:Sending desktop notification using 'notify2'
[9.102s] DEBUG:colcon.colcon_core.event_reactor:joined thread
[9.195s] INFO:colcon.colcon_core.shell:Creating prefix script '/home/daehwankim/Desktop/ug-pi/install/local_setup.ps1'
[9.199s] INFO:colcon.colcon_core.shell:Creating prefix util module '/home/daehwankim/Desktop/ug-pi/install/_local_setup_util_ps1.py'
[9.206s] INFO:colcon.colcon_core.shell:Creating prefix chain script '/home/daehwankim/Desktop/ug-pi/install/setup.ps1'
[9.342s] INFO:colcon.colcon_core.shell:Creating prefix script '/home/daehwankim/Desktop/ug-pi/install/local_setup.sh'
[9.345s] INFO:colcon.colcon_core.shell:Creating prefix util module '/home/daehwankim/Desktop/ug-pi/install/_local_setup_util_sh.py'
[9.348s] INFO:colcon.colcon_core.shell:Creating prefix chain script '/home/daehwankim/Desktop/ug-pi/install/setup.sh'
[9.429s] INFO:colcon.colcon_core.shell:Creating prefix script '/home/daehwankim/Desktop/ug-pi/install/local_setup.bash'
[9.431s] INFO:colcon.colcon_core.shell:Creating prefix chain script '/home/daehwankim/Desktop/ug-pi/install/setup.bash'
[9.503s] INFO:colcon.colcon_core.shell:Creating prefix script '/home/daehwankim/Desktop/ug-pi/install/local_setup.zsh'
[9.505s] INFO:colcon.colcon_core.shell:Creating prefix chain script '/home/daehwankim/Desktop/ug-pi/install/setup.zsh'
