running egg_info
writing ../../build/Mission_planner/Mission_planner.egg-info/PKG-INFO
writing dependency_links to ../../build/Mission_planner/Mission_planner.egg-info/dependency_links.txt
writing entry points to ../../build/Mission_planner/Mission_planner.egg-info/entry_points.txt
writing requirements to ../../build/Mission_planner/Mission_planner.egg-info/requires.txt
writing top-level names to ../../build/Mission_planner/Mission_planner.egg-info/top_level.txt
reading manifest file '../../build/Mission_planner/Mission_planner.egg-info/SOURCES.txt'
adding license file 'LICENSE'
writing manifest file '../../build/Mission_planner/Mission_planner.egg-info/SOURCES.txt'
running build
running build_py
running install
running install_lib
running install_data
running install_egg_info
removing '/home/daehwankim/Desktop/ug-pi/install/Mission_planner/lib/python3.10/site-packages/Mission_planner-0.0.0-py3.10.egg-info' (and everything under it)
Copying ../../build/Mission_planner/Mission_planner.egg-info to /home/daehwankim/Desktop/ug-pi/install/Mission_planner/lib/python3.10/site-packages/Mission_planner-0.0.0-py3.10.egg-info
running install_scripts
Installing fsm script to /home/daehwankim/Desktop/ug-pi/install/Mission_planner/lib/Mission_planner
writing list of installed files to '/home/daehwankim/Desktop/ug-pi/build/Mission_planner/install.log'
