[26.170s] Invoking command in '/home/daehwankim/Desktop/ug-pi/src/Mission_planner': PYTHONPATH=/home/daehwankim/Desktop/ug-pi/build/Mission_planner/prefix_override:/home/daehwankim/Desktop/ug-pi/install/Mission_planner/lib/python3.10/site-packages: /usr/bin/python3 setup.py egg_info --egg-base ../../build/Mission_planner build --build-base /home/daehwankim/Desktop/ug-pi/build/Mission_planner/build install --record /home/daehwankim/Desktop/ug-pi/build/Mission_planner/install.log --single-version-externally-managed
[26.828s] running egg_info
[26.829s] writing ../../build/Mission_planner/Mission_planner.egg-info/PKG-INFO
[26.973s] writing dependency_links to ../../build/Mission_planner/Mission_planner.egg-info/dependency_links.txt
[26.975s] writing entry points to ../../build/Mission_planner/Mission_planner.egg-info/entry_points.txt
[26.976s] writing requirements to ../../build/Mission_planner/Mission_planner.egg-info/requires.txt
[26.979s] writing top-level names to ../../build/Mission_planner/Mission_planner.egg-info/top_level.txt
[26.986s] reading manifest file '../../build/Mission_planner/Mission_planner.egg-info/SOURCES.txt'
[27.098s] adding license file 'LICENSE'
[27.106s] writing manifest file '../../build/Mission_planner/Mission_planner.egg-info/SOURCES.txt'
[27.107s] running build
[27.108s] running build_py
[27.339s] running install
[27.341s] running install_lib
[27.450s] running install_data
[27.687s] running install_egg_info
[27.700s] removing '/home/daehwankim/Desktop/ug-pi/install/Mission_planner/lib/python3.10/site-packages/Mission_planner-0.0.0-py3.10.egg-info' (and everything under it)
[27.703s] Copying ../../build/Mission_planner/Mission_planner.egg-info to /home/daehwankim/Desktop/ug-pi/install/Mission_planner/lib/python3.10/site-packages/Mission_planner-0.0.0-py3.10.egg-info
[27.799s] running install_scripts
[27.901s] Installing fsm script to /home/daehwankim/Desktop/ug-pi/install/Mission_planner/lib/Mission_planner
[27.966s] writing list of installed files to '/home/daehwankim/Desktop/ug-pi/build/Mission_planner/install.log'
[28.071s] Invoked command in '/home/daehwankim/Desktop/ug-pi/src/Mission_planner' returned '0': PYTHONPATH=/home/daehwankim/Desktop/ug-pi/build/Mission_planner/prefix_override:/home/daehwankim/Desktop/ug-pi/install/Mission_planner/lib/python3.10/site-packages: /usr/bin/python3 setup.py egg_info --egg-base ../../build/Mission_planner build --build-base /home/daehwankim/Desktop/ug-pi/build/Mission_planner/build install --record /home/daehwankim/Desktop/ug-pi/build/Mission_planner/install.log --single-version-externally-managed
