[7.535s] DEBUG:colcon:Command line arguments: ['/usr/bin/colcon', 'build', '--packages-select', 'Low_Level_Mission_Planner']
[7.536s] DEBUG:colcon:Parsed command line arguments: Namespace(log_base=None, log_level=None, verb_name='build', build_base='build', install_base='install', merge_install=False, symlink_install=False, test_result_base=None, continue_on_error=False, executor='parallel', parallel_workers=4, event_handlers=None, ignore_user_meta=False, metas=['./colcon.meta'], base_paths=['.'], packages_ignore=None, packages_ignore_regex=None, paths=None, packages_up_to=None, packages_up_to_regex=None, packages_above=None, packages_above_and_dependencies=None, packages_above_depth=None, packages_select_by_dep=None, packages_skip_by_dep=None, packages_skip_up_to=None, packages_select_build_failed=False, packages_skip_build_finished=False, packages_select_test_failures=False, packages_skip_test_passed=False, packages_select=['Low_Level_Mission_Planner'], packages_skip=None, packages_select_regex=None, packages_skip_regex=None, packages_start=None, packages_end=None, allow_overriding=[], cmake_args=None, cmake_target=None, cmake_target_skip_unavailable=False, cmake_clean_cache=False, cmake_clean_first=False, cmake_force_configure=False, ament_cmake_args=None, catkin_cmake_args=None, catkin_skip_building_tests=False, verb_parser=<colcon_defaults.argument_parser.defaults.DefaultArgumentsDecorator object at 0x7fbea8b87d90>, verb_extension=<colcon_core.verb.build.BuildVerb object at 0x7fbea8e342e0>, main=<bound method BuildVerb.main of <colcon_core.verb.build.BuildVerb object at 0x7fbea8e342e0>>)
[7.859s] Level 1:colcon.colcon_core.package_discovery:discover_packages(colcon_meta) check parameters
[7.859s] Level 1:colcon.colcon_core.package_discovery:discover_packages(recursive) check parameters
[7.859s] Level 1:colcon.colcon_core.package_discovery:discover_packages(ignore) check parameters
[7.859s] Level 1:colcon.colcon_core.package_discovery:discover_packages(path) check parameters
[7.859s] Level 1:colcon.colcon_core.package_discovery:discover_packages(colcon_meta) discover
[7.860s] Level 1:colcon.colcon_core.package_discovery:discover_packages(recursive) discover
[7.860s] INFO:colcon.colcon_core.package_discovery:Crawling recursively for packages in '/home/daehwankim/Desktop/ug-pi'
[7.860s] Level 1:colcon.colcon_core.package_identification:_identify(.) by extensions ['ignore', 'ignore_ament_install']
[7.860s] Level 1:colcon.colcon_core.package_identification:_identify(.) by extension 'ignore'
[7.860s] Level 1:colcon.colcon_core.package_identification:_identify(.) by extension 'ignore_ament_install'
[7.860s] Level 1:colcon.colcon_core.package_identification:_identify(.) by extensions ['colcon_pkg']
[7.860s] Level 1:colcon.colcon_core.package_identification:_identify(.) by extension 'colcon_pkg'
[7.860s] Level 1:colcon.colcon_core.package_identification:_identify(.) by extensions ['colcon_meta']
[7.861s] Level 1:colcon.colcon_core.package_identification:_identify(.) by extension 'colcon_meta'
[7.861s] Level 1:colcon.colcon_core.package_identification:_identify(.) by extensions ['ros']
[7.861s] Level 1:colcon.colcon_core.package_identification:_identify(.) by extension 'ros'
[7.917s] Level 1:colcon.colcon_core.package_identification:_identify(.) by extensions ['cmake', 'python']
[7.917s] Level 1:colcon.colcon_core.package_identification:_identify(.) by extension 'cmake'
[7.917s] Level 1:colcon.colcon_core.package_identification:_identify(.) by extension 'python'
[7.918s] Level 1:colcon.colcon_core.package_identification:_identify(.) by extensions ['python_setup_py']
[7.918s] Level 1:colcon.colcon_core.package_identification:_identify(.) by extension 'python_setup_py'
[7.918s] Level 1:colcon.colcon_core.package_identification:_identify(build) by extensions ['ignore', 'ignore_ament_install']
[7.918s] Level 1:colcon.colcon_core.package_identification:_identify(build) by extension 'ignore'
[7.918s] Level 1:colcon.colcon_core.package_identification:_identify(build) ignored
[7.918s] Level 1:colcon.colcon_core.package_identification:_identify(install) by extensions ['ignore', 'ignore_ament_install']
[7.919s] Level 1:colcon.colcon_core.package_identification:_identify(install) by extension 'ignore'
[7.919s] Level 1:colcon.colcon_core.package_identification:_identify(install) ignored
[7.919s] Level 1:colcon.colcon_core.package_identification:_identify(log) by extensions ['ignore', 'ignore_ament_install']
[7.919s] Level 1:colcon.colcon_core.package_identification:_identify(log) by extension 'ignore'
[7.919s] Level 1:colcon.colcon_core.package_identification:_identify(log) ignored
[7.919s] Level 1:colcon.colcon_core.package_identification:_identify(src) by extensions ['ignore', 'ignore_ament_install']
[7.920s] Level 1:colcon.colcon_core.package_identification:_identify(src) by extension 'ignore'
[7.920s] Level 1:colcon.colcon_core.package_identification:_identify(src) by extension 'ignore_ament_install'
[7.920s] Level 1:colcon.colcon_core.package_identification:_identify(src) by extensions ['colcon_pkg']
[7.920s] Level 1:colcon.colcon_core.package_identification:_identify(src) by extension 'colcon_pkg'
[7.920s] Level 1:colcon.colcon_core.package_identification:_identify(src) by extensions ['colcon_meta']
[7.920s] Level 1:colcon.colcon_core.package_identification:_identify(src) by extension 'colcon_meta'
[7.920s] Level 1:colcon.colcon_core.package_identification:_identify(src) by extensions ['ros']
[7.920s] Level 1:colcon.colcon_core.package_identification:_identify(src) by extension 'ros'
[7.921s] Level 1:colcon.colcon_core.package_identification:_identify(src) by extensions ['cmake', 'python']
[7.921s] Level 1:colcon.colcon_core.package_identification:_identify(src) by extension 'cmake'
[7.921s] Level 1:colcon.colcon_core.package_identification:_identify(src) by extension 'python'
[7.921s] Level 1:colcon.colcon_core.package_identification:_identify(src) by extensions ['python_setup_py']
[7.921s] Level 1:colcon.colcon_core.package_identification:_identify(src) by extension 'python_setup_py'
[7.921s] Level 1:colcon.colcon_core.package_identification:_identify(src/Low_Level_Mission_Planner) by extensions ['ignore', 'ignore_ament_install']
[7.921s] Level 1:colcon.colcon_core.package_identification:_identify(src/Low_Level_Mission_Planner) by extension 'ignore'
[7.921s] Level 1:colcon.colcon_core.package_identification:_identify(src/Low_Level_Mission_Planner) by extension 'ignore_ament_install'
[7.922s] Level 1:colcon.colcon_core.package_identification:_identify(src/Low_Level_Mission_Planner) by extensions ['colcon_pkg']
[7.922s] Level 1:colcon.colcon_core.package_identification:_identify(src/Low_Level_Mission_Planner) by extension 'colcon_pkg'
[7.922s] Level 1:colcon.colcon_core.package_identification:_identify(src/Low_Level_Mission_Planner) by extensions ['colcon_meta']
[7.922s] Level 1:colcon.colcon_core.package_identification:_identify(src/Low_Level_Mission_Planner) by extension 'colcon_meta'
[7.922s] Level 1:colcon.colcon_core.package_identification:_identify(src/Low_Level_Mission_Planner) by extensions ['ros']
[7.922s] Level 1:colcon.colcon_core.package_identification:_identify(src/Low_Level_Mission_Planner) by extension 'ros'
[7.938s] DEBUG:colcon.colcon_core.package_identification:Package 'src/Low_Level_Mission_Planner' with type 'ros.ament_python' and name 'Low_Level_Mission_Planner'
[7.939s] Level 1:colcon.colcon_core.package_identification:_identify(src/Mission_planner) by extensions ['ignore', 'ignore_ament_install']
[7.939s] Level 1:colcon.colcon_core.package_identification:_identify(src/Mission_planner) by extension 'ignore'
[7.939s] Level 1:colcon.colcon_core.package_identification:_identify(src/Mission_planner) by extension 'ignore_ament_install'
[7.939s] Level 1:colcon.colcon_core.package_identification:_identify(src/Mission_planner) by extensions ['colcon_pkg']
[7.939s] Level 1:colcon.colcon_core.package_identification:_identify(src/Mission_planner) by extension 'colcon_pkg'
[7.939s] Level 1:colcon.colcon_core.package_identification:_identify(src/Mission_planner) by extensions ['colcon_meta']
[7.939s] Level 1:colcon.colcon_core.package_identification:_identify(src/Mission_planner) by extension 'colcon_meta'
[7.940s] Level 1:colcon.colcon_core.package_identification:_identify(src/Mission_planner) by extensions ['ros']
[7.940s] Level 1:colcon.colcon_core.package_identification:_identify(src/Mission_planner) by extension 'ros'
[7.955s] DEBUG:colcon.colcon_core.package_identification:Package 'src/Mission_planner' with type 'ros.ament_python' and name 'Mission_planner'
[7.955s] Level 1:colcon.colcon_core.package_discovery:discover_packages(recursive) using defaults
[7.955s] Level 1:colcon.colcon_core.package_discovery:discover_packages(ignore) discover
[7.955s] Level 1:colcon.colcon_core.package_discovery:discover_packages(ignore) using defaults
[7.955s] Level 1:colcon.colcon_core.package_discovery:discover_packages(path) discover
[7.955s] Level 1:colcon.colcon_core.package_discovery:discover_packages(path) using defaults
[8.311s] INFO:colcon.colcon_core.package_selection:Skipping not selected package 'Mission_planner' in 'src/Mission_planner'
[8.343s] Level 1:colcon.colcon_core.package_discovery:discover_packages(prefix_path) check parameters
[8.343s] Level 1:colcon.colcon_core.package_discovery:discover_packages(prefix_path) discover
[8.392s] DEBUG:colcon.colcon_installed_package_information.package_discovery:Found 3 installed packages in /home/daehwankim/Desktop/ug-pi/install
[8.409s] DEBUG:colcon.colcon_installed_package_information.package_discovery:Found 270 installed packages in /opt/ros/humble
[8.411s] Level 1:colcon.colcon_core.package_discovery:discover_packages(prefix_path) using defaults
[8.537s] Level 5:colcon.colcon_core.verb:set package 'Low_Level_Mission_Planner' build argument 'cmake_args' from command line to 'None'
[8.538s] Level 5:colcon.colcon_core.verb:set package 'Low_Level_Mission_Planner' build argument 'cmake_target' from command line to 'None'
[8.538s] Level 5:colcon.colcon_core.verb:set package 'Low_Level_Mission_Planner' build argument 'cmake_target_skip_unavailable' from command line to 'False'
[8.538s] Level 5:colcon.colcon_core.verb:set package 'Low_Level_Mission_Planner' build argument 'cmake_clean_cache' from command line to 'False'
[8.538s] Level 5:colcon.colcon_core.verb:set package 'Low_Level_Mission_Planner' build argument 'cmake_clean_first' from command line to 'False'
[8.538s] Level 5:colcon.colcon_core.verb:set package 'Low_Level_Mission_Planner' build argument 'cmake_force_configure' from command line to 'False'
[8.538s] Level 5:colcon.colcon_core.verb:set package 'Low_Level_Mission_Planner' build argument 'ament_cmake_args' from command line to 'None'
[8.538s] Level 5:colcon.colcon_core.verb:set package 'Low_Level_Mission_Planner' build argument 'catkin_cmake_args' from command line to 'None'
[8.538s] Level 5:colcon.colcon_core.verb:set package 'Low_Level_Mission_Planner' build argument 'catkin_skip_building_tests' from command line to 'False'
[8.538s] DEBUG:colcon.colcon_core.verb:Building package 'Low_Level_Mission_Planner' with the following arguments: {'ament_cmake_args': None, 'build_base': '/home/daehwankim/Desktop/ug-pi/build/Low_Level_Mission_Planner', 'catkin_cmake_args': None, 'catkin_skip_building_tests': False, 'cmake_args': None, 'cmake_clean_cache': False, 'cmake_clean_first': False, 'cmake_force_configure': False, 'cmake_target': None, 'cmake_target_skip_unavailable': False, 'install_base': '/home/daehwankim/Desktop/ug-pi/install/Low_Level_Mission_Planner', 'merge_install': False, 'path': '/home/daehwankim/Desktop/ug-pi/src/Low_Level_Mission_Planner', 'symlink_install': False, 'test_result_base': None}
[8.554s] INFO:colcon.colcon_core.executor:Executing jobs using 'parallel' executor
[8.571s] DEBUG:colcon.colcon_parallel_executor.executor.parallel:run_until_complete
[8.572s] INFO:colcon.colcon_ros.task.ament_python.build:Building ROS package in '/home/daehwankim/Desktop/ug-pi/src/Low_Level_Mission_Planner' with build type 'ament_python'
[8.572s] Level 1:colcon.colcon_core.shell:create_environment_hook('Low_Level_Mission_Planner', 'ament_prefix_path')
[8.600s] INFO:colcon.colcon_core.plugin_system:Skipping extension 'colcon_core.shell.bat': Not used on non-Windows systems
[8.600s] INFO:colcon.colcon_core.shell:Creating environment hook '/home/daehwankim/Desktop/ug-pi/install/Low_Level_Mission_Planner/share/Low_Level_Mission_Planner/hook/ament_prefix_path.ps1'
[8.608s] INFO:colcon.colcon_core.shell:Creating environment descriptor '/home/daehwankim/Desktop/ug-pi/install/Low_Level_Mission_Planner/share/Low_Level_Mission_Planner/hook/ament_prefix_path.dsv'
[8.625s] INFO:colcon.colcon_core.shell:Creating environment hook '/home/daehwankim/Desktop/ug-pi/install/Low_Level_Mission_Planner/share/Low_Level_Mission_Planner/hook/ament_prefix_path.sh'
[8.642s] INFO:colcon.colcon_core.shell:Skip shell extension 'powershell' for command environment: Not usable outside of PowerShell
[8.642s] DEBUG:colcon.colcon_core.shell:Skip shell extension 'dsv' for command environment
[9.044s] INFO:colcon.colcon_core.task.python.build:Building Python package in '/home/daehwankim/Desktop/ug-pi/src/Low_Level_Mission_Planner'
[9.060s] INFO:colcon.colcon_core.shell:Skip shell extension 'powershell' for command environment: Not usable outside of PowerShell
[9.061s] DEBUG:colcon.colcon_core.shell:Skip shell extension 'dsv' for command environment
[9.910s] DEBUG:colcon.colcon_core.event_handler.log_command:Invoking command in '/home/daehwankim/Desktop/ug-pi/src/Low_Level_Mission_Planner': PYTHONPATH=/home/daehwankim/Desktop/ug-pi/build/Low_Level_Mission_Planner/prefix_override:/home/daehwankim/Desktop/ug-pi/install/Low_Level_Mission_Planner/lib/python3.10/site-packages:${PYTHONPATH} /usr/bin/python3 setup.py egg_info --egg-base ../../build/Low_Level_Mission_Planner build --build-base /home/daehwankim/Desktop/ug-pi/build/Low_Level_Mission_Planner/build install --record /home/daehwankim/Desktop/ug-pi/build/Low_Level_Mission_Planner/install.log --single-version-externally-managed
[10.389s] DEBUG:colcon.colcon_core.event_handler.log_command:Invoked command in '/home/daehwankim/Desktop/ug-pi/src/Low_Level_Mission_Planner' returned '0': PYTHONPATH=/home/daehwankim/Desktop/ug-pi/build/Low_Level_Mission_Planner/prefix_override:/home/daehwankim/Desktop/ug-pi/install/Low_Level_Mission_Planner/lib/python3.10/site-packages:${PYTHONPATH} /usr/bin/python3 setup.py egg_info --egg-base ../../build/Low_Level_Mission_Planner build --build-base /home/daehwankim/Desktop/ug-pi/build/Low_Level_Mission_Planner/build install --record /home/daehwankim/Desktop/ug-pi/build/Low_Level_Mission_Planner/install.log --single-version-externally-managed
[10.447s] Level 1:colcon.colcon_core.environment:checking '/home/daehwankim/Desktop/ug-pi/install/Low_Level_Mission_Planner' for CMake module files
[10.448s] Level 1:colcon.colcon_core.environment:checking '/home/daehwankim/Desktop/ug-pi/install/Low_Level_Mission_Planner' for CMake config files
[10.449s] Level 1:colcon.colcon_core.environment:checking '/home/daehwankim/Desktop/ug-pi/install/Low_Level_Mission_Planner/lib'
[10.449s] Level 1:colcon.colcon_core.environment:checking '/home/daehwankim/Desktop/ug-pi/install/Low_Level_Mission_Planner/bin'
[10.449s] Level 1:colcon.colcon_core.environment:checking '/home/daehwankim/Desktop/ug-pi/install/Low_Level_Mission_Planner/lib/pkgconfig/Low_Level_Mission_Planner.pc'
[10.449s] Level 1:colcon.colcon_core.environment:checking '/home/daehwankim/Desktop/ug-pi/install/Low_Level_Mission_Planner/lib/python3.10/site-packages'
[10.449s] Level 1:colcon.colcon_core.shell:create_environment_hook('Low_Level_Mission_Planner', 'pythonpath')
[10.465s] INFO:colcon.colcon_core.shell:Creating environment hook '/home/daehwankim/Desktop/ug-pi/install/Low_Level_Mission_Planner/share/Low_Level_Mission_Planner/hook/pythonpath.ps1'
[10.466s] INFO:colcon.colcon_core.shell:Creating environment descriptor '/home/daehwankim/Desktop/ug-pi/install/Low_Level_Mission_Planner/share/Low_Level_Mission_Planner/hook/pythonpath.dsv'
[10.466s] INFO:colcon.colcon_core.shell:Creating environment hook '/home/daehwankim/Desktop/ug-pi/install/Low_Level_Mission_Planner/share/Low_Level_Mission_Planner/hook/pythonpath.sh'
[10.467s] Level 1:colcon.colcon_core.environment:checking '/home/daehwankim/Desktop/ug-pi/install/Low_Level_Mission_Planner/bin'
[10.467s] Level 1:colcon.colcon_core.environment:create_environment_scripts_only(Low_Level_Mission_Planner)
[10.484s] INFO:colcon.colcon_core.shell:Creating package script '/home/daehwankim/Desktop/ug-pi/install/Low_Level_Mission_Planner/share/Low_Level_Mission_Planner/package.ps1'
[10.508s] INFO:colcon.colcon_core.shell:Creating package descriptor '/home/daehwankim/Desktop/ug-pi/install/Low_Level_Mission_Planner/share/Low_Level_Mission_Planner/package.dsv'
[10.526s] INFO:colcon.colcon_core.shell:Creating package script '/home/daehwankim/Desktop/ug-pi/install/Low_Level_Mission_Planner/share/Low_Level_Mission_Planner/package.sh'
[10.528s] INFO:colcon.colcon_core.shell:Creating package script '/home/daehwankim/Desktop/ug-pi/install/Low_Level_Mission_Planner/share/Low_Level_Mission_Planner/package.bash'
[10.541s] INFO:colcon.colcon_core.shell:Creating package script '/home/daehwankim/Desktop/ug-pi/install/Low_Level_Mission_Planner/share/Low_Level_Mission_Planner/package.zsh'
[10.543s] Level 1:colcon.colcon_core.environment:create_file_with_runtime_dependencies(/home/daehwankim/Desktop/ug-pi/install/Low_Level_Mission_Planner/share/colcon-core/packages/Low_Level_Mission_Planner)
[10.543s] DEBUG:colcon.colcon_parallel_executor.executor.parallel:closing loop
[10.544s] DEBUG:colcon.colcon_parallel_executor.executor.parallel:loop closed
[10.544s] DEBUG:colcon.colcon_parallel_executor.executor.parallel:run_until_complete finished with '0'
[10.544s] DEBUG:colcon.colcon_core.event_reactor:joining thread
[10.694s] INFO:colcon.colcon_core.plugin_system:Skipping extension 'colcon_notification.desktop_notification.terminal_notifier': Not used on non-Darwin systems
[10.695s] INFO:colcon.colcon_core.plugin_system:Skipping extension 'colcon_notification.desktop_notification.win32': Not used on non-Windows systems
[10.695s] INFO:colcon.colcon_notification.desktop_notification:Sending desktop notification using 'notify2'
[10.736s] DEBUG:colcon.colcon_core.event_reactor:joined thread
[10.764s] INFO:colcon.colcon_core.shell:Creating prefix script '/home/daehwankim/Desktop/ug-pi/install/local_setup.ps1'
[10.776s] INFO:colcon.colcon_core.shell:Creating prefix util module '/home/daehwankim/Desktop/ug-pi/install/_local_setup_util_ps1.py'
[10.796s] INFO:colcon.colcon_core.shell:Creating prefix chain script '/home/daehwankim/Desktop/ug-pi/install/setup.ps1'
[10.855s] INFO:colcon.colcon_core.shell:Creating prefix script '/home/daehwankim/Desktop/ug-pi/install/local_setup.sh'
[10.868s] INFO:colcon.colcon_core.shell:Creating prefix util module '/home/daehwankim/Desktop/ug-pi/install/_local_setup_util_sh.py'
[10.869s] INFO:colcon.colcon_core.shell:Creating prefix chain script '/home/daehwankim/Desktop/ug-pi/install/setup.sh'
[10.893s] INFO:colcon.colcon_core.shell:Creating prefix script '/home/daehwankim/Desktop/ug-pi/install/local_setup.bash'
[10.919s] INFO:colcon.colcon_core.shell:Creating prefix chain script '/home/daehwankim/Desktop/ug-pi/install/setup.bash'
[10.938s] INFO:colcon.colcon_core.shell:Creating prefix script '/home/daehwankim/Desktop/ug-pi/install/local_setup.zsh'
[10.939s] INFO:colcon.colcon_core.shell:Creating prefix chain script '/home/daehwankim/Desktop/ug-pi/install/setup.zsh'
